01:38:06.967 [SpringApplicationShutdownHook] INFO  o.q.c.QuartzScheduler - [standby,585] - Scheduler quartzScheduler_$_NON_CLUSTERED paused.
01:38:07.454 [SpringApplicationShutdownHook] INFO  o.q.c.QuartzScheduler - [shutdown,666] - Scheduler quartzScheduler_$_NON_CLUSTERED shutting down.
01:38:07.455 [SpringApplicationShutdownHook] INFO  o.q.c.QuartzScheduler - [standby,585] - Scheduler quartzScheduler_$_NON_CLUSTERED paused.
01:38:07.457 [SpringApplicationShutdownHook] INFO  o.q.c.QuartzScheduler - [shutdown,740] - Scheduler quartzScheduler_$_NON_CLUSTERED shutdown complete.
01:38:07.458 [SpringApplicationShutdownHook] INFO  sys-user - [shutdownAsyncManager,28] - ====关闭后台任务任务线程池====
01:38:07.469 [SpringApplicationShutdownHook] INFO  c.a.d.p.DruidDataSource - [close,2051] - {dataSource-1} closing ...
01:38:07.488 [SpringApplicationShutdownHook] INFO  c.a.d.p.DruidDataSource - [close,2124] - {dataSource-1} closed
10:34:34.958 [restartedMain] INFO  c.r.RuoYiApplication - [logStarting,55] - Starting RuoYiApplication using Java 1.8.0_131 on FOXX-LAPTOP with PID 20088 (E:\IDEA-workspace\TheFoxHole\ruoyi-vue-service\ruoyi-admin\target\classes started by snowfox in E:\IDEA-workspace\TheFoxHole)
10:34:34.958 [background-preinit] INFO  o.h.v.i.util.Version - [<clinit>,21] - HV000001: Hibernate Validator 6.2.3.Final
10:34:34.964 [restartedMain] INFO  c.r.RuoYiApplication - [logStartupProfileInfo,686] - The following 1 profile is active: "dev"
10:34:44.272 [restartedMain] INFO  o.a.c.h.Http11NioProtocol - [log,173] - Initializing ProtocolHandler ["http-nio-8080"]
10:34:44.273 [restartedMain] INFO  o.a.c.c.StandardService - [log,173] - Starting service [Tomcat]
10:34:44.274 [restartedMain] INFO  o.a.c.c.StandardEngine - [log,173] - Starting Servlet engine: [Apache Tomcat/9.0.63]
10:34:44.569 [restartedMain] INFO  o.a.c.c.C.[.[.[/ruoyi-vue-service] - [log,173] - Initializing Spring embedded WebApplicationContext
10:34:51.873 [restartedMain] INFO  c.a.d.p.DruidDataSource - [init,972] - {dataSource-1} inited
10:34:57.060 [restartedMain] INFO  o.q.i.StdSchedulerFactory - [instantiate,1220] - Using default implementation for ThreadExecutor
10:34:57.105 [restartedMain] INFO  o.q.c.SchedulerSignalerImpl - [<init>,61] - Initialized Scheduler Signaller of type: class org.quartz.core.SchedulerSignalerImpl
10:34:57.106 [restartedMain] INFO  o.q.c.QuartzScheduler - [<init>,229] - Quartz Scheduler v.2.3.2 created.
10:34:57.107 [restartedMain] INFO  o.q.s.RAMJobStore - [initialize,155] - RAMJobStore initialized.
10:34:57.109 [restartedMain] INFO  o.q.c.QuartzScheduler - [initialize,294] - Scheduler meta-data: Quartz Scheduler (v2.3.2) 'quartzScheduler' with instanceId 'NON_CLUSTERED'
  Scheduler class: 'org.quartz.core.QuartzScheduler' - running locally.
  NOT STARTED.
  Currently in standby mode.
  Number of jobs executed: 0
  Using thread pool 'org.quartz.simpl.SimpleThreadPool' - with 10 threads.
  Using job-store 'org.quartz.simpl.RAMJobStore' - which does not support persistence. and is not clustered.

10:34:57.110 [restartedMain] INFO  o.q.i.StdSchedulerFactory - [instantiate,1374] - Quartz scheduler 'quartzScheduler' initialized from an externally provided properties instance.
10:34:57.110 [restartedMain] INFO  o.q.i.StdSchedulerFactory - [instantiate,1378] - Quartz scheduler version: 2.3.2
10:34:57.110 [restartedMain] INFO  o.q.c.QuartzScheduler - [setJobFactory,2293] - JobFactory set to: org.springframework.scheduling.quartz.SpringBeanJobFactory@1d6799cd
10:35:01.384 [restartedMain] INFO  o.a.c.h.Http11NioProtocol - [log,173] - Starting ProtocolHandler ["http-nio-8080"]
10:35:01.983 [restartedMain] INFO  o.q.c.QuartzScheduler - [start,547] - Scheduler quartzScheduler_$_NON_CLUSTERED started.
10:35:01.993 [restartedMain] INFO  c.r.RuoYiApplication - [logStarted,61] - Started RuoYiApplication in 27.999 seconds (JVM running for 33.221)
10:35:36.228 [http-nio-8080-exec-1] INFO  o.a.c.c.C.[.[.[/ruoyi-vue-service] - [log,173] - Initializing Spring DispatcherServlet 'dispatcherServlet'
10:35:36.228 [http-nio-8080-exec-1] INFO  o.s.w.s.DispatcherServlet - [initServletBean,525] - Initializing Servlet 'dispatcherServlet'
10:35:36.230 [http-nio-8080-exec-1] INFO  o.s.w.s.DispatcherServlet - [initServletBean,547] - Completed initialization in 2 ms
10:35:58.072 [schedule-pool-1] INFO  sys-user - [run,52] - [127.0.0.1]内网IP[admin][Success][登录成功]
13:03:49.679 [schedule-pool-2] INFO  sys-user - [run,52] - [127.0.0.1]内网IP[admin][Success][登录成功]
14:06:41.507 [SpringApplicationShutdownHook] INFO  o.q.c.QuartzScheduler - [standby,585] - Scheduler quartzScheduler_$_NON_CLUSTERED paused.
14:06:42.160 [SpringApplicationShutdownHook] INFO  o.q.c.QuartzScheduler - [shutdown,666] - Scheduler quartzScheduler_$_NON_CLUSTERED shutting down.
14:06:42.161 [SpringApplicationShutdownHook] INFO  o.q.c.QuartzScheduler - [standby,585] - Scheduler quartzScheduler_$_NON_CLUSTERED paused.
14:06:42.162 [SpringApplicationShutdownHook] INFO  o.q.c.QuartzScheduler - [shutdown,740] - Scheduler quartzScheduler_$_NON_CLUSTERED shutdown complete.
14:06:42.163 [SpringApplicationShutdownHook] INFO  sys-user - [shutdownAsyncManager,28] - ====关闭后台任务任务线程池====
14:06:42.173 [SpringApplicationShutdownHook] INFO  c.a.d.p.DruidDataSource - [close,2051] - {dataSource-1} closing ...
14:06:42.189 [SpringApplicationShutdownHook] INFO  c.a.d.p.DruidDataSource - [close,2124] - {dataSource-1} closed
14:06:54.840 [background-preinit] INFO  o.h.v.i.util.Version - [<clinit>,21] - HV000001: Hibernate Validator 6.2.3.Final
14:06:54.844 [restartedMain] INFO  c.r.RuoYiApplication - [logStarting,55] - Starting RuoYiApplication using Java 1.8.0_131 on FOXX-LAPTOP with PID 19976 (E:\IDEA-workspace\TheFoxHole\ruoyi-vue-service\ruoyi-admin\target\classes started by snowfox in E:\IDEA-workspace\TheFoxHole)
14:06:54.846 [restartedMain] INFO  c.r.RuoYiApplication - [logStartupProfileInfo,686] - The following 1 profile is active: "dev"
14:06:58.466 [restartedMain] INFO  o.a.c.h.Http11NioProtocol - [log,173] - Initializing ProtocolHandler ["http-nio-8080"]
14:06:58.467 [restartedMain] INFO  o.a.c.c.StandardService - [log,173] - Starting service [Tomcat]
14:06:58.467 [restartedMain] INFO  o.a.c.c.StandardEngine - [log,173] - Starting Servlet engine: [Apache Tomcat/9.0.63]
14:06:58.613 [restartedMain] INFO  o.a.c.c.C.[.[.[/ruoyi-vue-service] - [log,173] - Initializing Spring embedded WebApplicationContext
14:07:02.111 [restartedMain] INFO  c.a.d.p.DruidDataSource - [init,972] - {dataSource-1} inited
14:07:04.890 [restartedMain] INFO  o.q.i.StdSchedulerFactory - [instantiate,1220] - Using default implementation for ThreadExecutor
14:07:04.912 [restartedMain] INFO  o.q.c.SchedulerSignalerImpl - [<init>,61] - Initialized Scheduler Signaller of type: class org.quartz.core.SchedulerSignalerImpl
14:07:04.913 [restartedMain] INFO  o.q.c.QuartzScheduler - [<init>,229] - Quartz Scheduler v.2.3.2 created.
14:07:04.914 [restartedMain] INFO  o.q.s.RAMJobStore - [initialize,155] - RAMJobStore initialized.
14:07:04.915 [restartedMain] INFO  o.q.c.QuartzScheduler - [initialize,294] - Scheduler meta-data: Quartz Scheduler (v2.3.2) 'quartzScheduler' with instanceId 'NON_CLUSTERED'
  Scheduler class: 'org.quartz.core.QuartzScheduler' - running locally.
  NOT STARTED.
  Currently in standby mode.
  Number of jobs executed: 0
  Using thread pool 'org.quartz.simpl.SimpleThreadPool' - with 10 threads.
  Using job-store 'org.quartz.simpl.RAMJobStore' - which does not support persistence. and is not clustered.

14:07:04.915 [restartedMain] INFO  o.q.i.StdSchedulerFactory - [instantiate,1374] - Quartz scheduler 'quartzScheduler' initialized from an externally provided properties instance.
14:07:04.915 [restartedMain] INFO  o.q.i.StdSchedulerFactory - [instantiate,1378] - Quartz scheduler version: 2.3.2
14:07:04.916 [restartedMain] INFO  o.q.c.QuartzScheduler - [setJobFactory,2293] - JobFactory set to: org.springframework.scheduling.quartz.SpringBeanJobFactory@13a54322
14:07:07.415 [restartedMain] INFO  o.a.c.h.Http11NioProtocol - [log,173] - Starting ProtocolHandler ["http-nio-8080"]
14:07:07.916 [restartedMain] INFO  o.q.c.QuartzScheduler - [start,547] - Scheduler quartzScheduler_$_NON_CLUSTERED started.
14:07:07.930 [restartedMain] INFO  c.r.RuoYiApplication - [logStarted,61] - Started RuoYiApplication in 13.836 seconds (JVM running for 16.542)
14:07:14.417 [http-nio-8080-exec-3] INFO  o.a.c.c.C.[.[.[/ruoyi-vue-service] - [log,173] - Initializing Spring DispatcherServlet 'dispatcherServlet'
14:07:14.418 [http-nio-8080-exec-3] INFO  o.s.w.s.DispatcherServlet - [initServletBean,525] - Initializing Servlet 'dispatcherServlet'
14:07:14.422 [http-nio-8080-exec-3] INFO  o.s.w.s.DispatcherServlet - [initServletBean,547] - Completed initialization in 4 ms
14:33:52.979 [SpringApplicationShutdownHook] INFO  o.q.c.QuartzScheduler - [standby,585] - Scheduler quartzScheduler_$_NON_CLUSTERED paused.
14:33:53.477 [SpringApplicationShutdownHook] INFO  o.q.c.QuartzScheduler - [shutdown,666] - Scheduler quartzScheduler_$_NON_CLUSTERED shutting down.
14:33:53.477 [SpringApplicationShutdownHook] INFO  o.q.c.QuartzScheduler - [standby,585] - Scheduler quartzScheduler_$_NON_CLUSTERED paused.
14:33:53.478 [SpringApplicationShutdownHook] INFO  o.q.c.QuartzScheduler - [shutdown,740] - Scheduler quartzScheduler_$_NON_CLUSTERED shutdown complete.
14:33:53.478 [SpringApplicationShutdownHook] INFO  sys-user - [shutdownAsyncManager,28] - ====关闭后台任务任务线程池====
14:33:53.487 [SpringApplicationShutdownHook] INFO  c.a.d.p.DruidDataSource - [close,2051] - {dataSource-1} closing ...
14:33:53.495 [SpringApplicationShutdownHook] INFO  c.a.d.p.DruidDataSource - [close,2124] - {dataSource-1} closed
14:34:01.660 [background-preinit] INFO  o.h.v.i.util.Version - [<clinit>,21] - HV000001: Hibernate Validator 6.2.3.Final
14:34:01.661 [restartedMain] INFO  c.r.RuoYiApplication - [logStarting,55] - Starting RuoYiApplication using Java 1.8.0_131 on FOXX-LAPTOP with PID 4420 (E:\IDEA-workspace\TheFoxHole\ruoyi-vue-service\ruoyi-admin\target\classes started by snowfox in E:\IDEA-workspace\TheFoxHole)
14:34:01.666 [restartedMain] INFO  c.r.RuoYiApplication - [logStartupProfileInfo,686] - The following 1 profile is active: "dev"
14:34:06.070 [restartedMain] INFO  o.a.c.h.Http11NioProtocol - [log,173] - Initializing ProtocolHandler ["http-nio-8080"]
14:34:06.070 [restartedMain] INFO  o.a.c.c.StandardService - [log,173] - Starting service [Tomcat]
14:34:06.071 [restartedMain] INFO  o.a.c.c.StandardEngine - [log,173] - Starting Servlet engine: [Apache Tomcat/9.0.63]
14:34:06.221 [restartedMain] INFO  o.a.c.c.C.[.[.[/ruoyi-vue-service] - [log,173] - Initializing Spring embedded WebApplicationContext
14:34:09.853 [restartedMain] INFO  c.a.d.p.DruidDataSource - [init,972] - {dataSource-1} inited
14:34:12.401 [restartedMain] INFO  o.q.i.StdSchedulerFactory - [instantiate,1220] - Using default implementation for ThreadExecutor
14:34:12.418 [restartedMain] INFO  o.q.c.SchedulerSignalerImpl - [<init>,61] - Initialized Scheduler Signaller of type: class org.quartz.core.SchedulerSignalerImpl
14:34:12.419 [restartedMain] INFO  o.q.c.QuartzScheduler - [<init>,229] - Quartz Scheduler v.2.3.2 created.
14:34:12.420 [restartedMain] INFO  o.q.s.RAMJobStore - [initialize,155] - RAMJobStore initialized.
14:34:12.421 [restartedMain] INFO  o.q.c.QuartzScheduler - [initialize,294] - Scheduler meta-data: Quartz Scheduler (v2.3.2) 'quartzScheduler' with instanceId 'NON_CLUSTERED'
  Scheduler class: 'org.quartz.core.QuartzScheduler' - running locally.
  NOT STARTED.
  Currently in standby mode.
  Number of jobs executed: 0
  Using thread pool 'org.quartz.simpl.SimpleThreadPool' - with 10 threads.
  Using job-store 'org.quartz.simpl.RAMJobStore' - which does not support persistence. and is not clustered.

14:34:12.421 [restartedMain] INFO  o.q.i.StdSchedulerFactory - [instantiate,1374] - Quartz scheduler 'quartzScheduler' initialized from an externally provided properties instance.
14:34:12.421 [restartedMain] INFO  o.q.i.StdSchedulerFactory - [instantiate,1378] - Quartz scheduler version: 2.3.2
14:34:12.422 [restartedMain] INFO  o.q.c.QuartzScheduler - [setJobFactory,2293] - JobFactory set to: org.springframework.scheduling.quartz.SpringBeanJobFactory@5389de19
14:34:14.575 [restartedMain] INFO  o.a.c.h.Http11NioProtocol - [log,173] - Starting ProtocolHandler ["http-nio-8080"]
14:34:15.051 [restartedMain] INFO  o.q.c.QuartzScheduler - [start,547] - Scheduler quartzScheduler_$_NON_CLUSTERED started.
14:34:15.064 [restartedMain] INFO  c.r.RuoYiApplication - [logStarted,61] - Started RuoYiApplication in 14.209 seconds (JVM running for 17.374)
14:34:19.501 [http-nio-8080-exec-2] INFO  o.a.c.c.C.[.[.[/ruoyi-vue-service] - [log,173] - Initializing Spring DispatcherServlet 'dispatcherServlet'
14:34:19.504 [http-nio-8080-exec-2] INFO  o.s.w.s.DispatcherServlet - [initServletBean,525] - Initializing Servlet 'dispatcherServlet'
14:34:19.509 [http-nio-8080-exec-2] INFO  o.s.w.s.DispatcherServlet - [initServletBean,547] - Completed initialization in 4 ms
14:34:39.882 [SpringApplicationShutdownHook] INFO  o.q.c.QuartzScheduler - [standby,585] - Scheduler quartzScheduler_$_NON_CLUSTERED paused.
14:34:40.423 [SpringApplicationShutdownHook] INFO  o.q.c.QuartzScheduler - [shutdown,666] - Scheduler quartzScheduler_$_NON_CLUSTERED shutting down.
14:34:40.423 [SpringApplicationShutdownHook] INFO  o.q.c.QuartzScheduler - [standby,585] - Scheduler quartzScheduler_$_NON_CLUSTERED paused.
14:34:40.425 [SpringApplicationShutdownHook] INFO  o.q.c.QuartzScheduler - [shutdown,740] - Scheduler quartzScheduler_$_NON_CLUSTERED shutdown complete.
14:34:40.425 [SpringApplicationShutdownHook] INFO  sys-user - [shutdownAsyncManager,28] - ====关闭后台任务任务线程池====
14:34:40.430 [SpringApplicationShutdownHook] INFO  c.a.d.p.DruidDataSource - [close,2051] - {dataSource-1} closing ...
14:34:40.438 [SpringApplicationShutdownHook] INFO  c.a.d.p.DruidDataSource - [close,2124] - {dataSource-1} closed
14:34:46.893 [background-preinit] INFO  o.h.v.i.util.Version - [<clinit>,21] - HV000001: Hibernate Validator 6.2.3.Final
14:34:46.896 [restartedMain] INFO  c.r.RuoYiApplication - [logStarting,55] - Starting RuoYiApplication using Java 1.8.0_131 on FOXX-LAPTOP with PID 18652 (E:\IDEA-workspace\TheFoxHole\ruoyi-vue-service\ruoyi-admin\target\classes started by snowfox in E:\IDEA-workspace\TheFoxHole)
14:34:46.897 [restartedMain] INFO  c.r.RuoYiApplication - [logStartupProfileInfo,686] - The following 1 profile is active: "dev"
14:34:50.686 [restartedMain] INFO  o.a.c.h.Http11NioProtocol - [log,173] - Initializing ProtocolHandler ["http-nio-8080"]
14:34:50.687 [restartedMain] INFO  o.a.c.c.StandardService - [log,173] - Starting service [Tomcat]
14:34:50.687 [restartedMain] INFO  o.a.c.c.StandardEngine - [log,173] - Starting Servlet engine: [Apache Tomcat/9.0.63]
14:34:50.848 [restartedMain] INFO  o.a.c.c.C.[.[.[/ruoyi-vue-service] - [log,173] - Initializing Spring embedded WebApplicationContext
14:34:55.448 [restartedMain] INFO  c.a.d.p.DruidDataSource - [init,972] - {dataSource-1} inited
14:34:58.059 [restartedMain] INFO  o.q.i.StdSchedulerFactory - [instantiate,1220] - Using default implementation for ThreadExecutor
14:34:58.073 [restartedMain] INFO  o.q.c.SchedulerSignalerImpl - [<init>,61] - Initialized Scheduler Signaller of type: class org.quartz.core.SchedulerSignalerImpl
14:34:58.074 [restartedMain] INFO  o.q.c.QuartzScheduler - [<init>,229] - Quartz Scheduler v.2.3.2 created.
14:34:58.075 [restartedMain] INFO  o.q.s.RAMJobStore - [initialize,155] - RAMJobStore initialized.
14:34:58.076 [restartedMain] INFO  o.q.c.QuartzScheduler - [initialize,294] - Scheduler meta-data: Quartz Scheduler (v2.3.2) 'quartzScheduler' with instanceId 'NON_CLUSTERED'
  Scheduler class: 'org.quartz.core.QuartzScheduler' - running locally.
  NOT STARTED.
  Currently in standby mode.
  Number of jobs executed: 0
  Using thread pool 'org.quartz.simpl.SimpleThreadPool' - with 10 threads.
  Using job-store 'org.quartz.simpl.RAMJobStore' - which does not support persistence. and is not clustered.

14:34:58.076 [restartedMain] INFO  o.q.i.StdSchedulerFactory - [instantiate,1374] - Quartz scheduler 'quartzScheduler' initialized from an externally provided properties instance.
14:34:58.076 [restartedMain] INFO  o.q.i.StdSchedulerFactory - [instantiate,1378] - Quartz scheduler version: 2.3.2
14:34:58.077 [restartedMain] INFO  o.q.c.QuartzScheduler - [setJobFactory,2293] - JobFactory set to: org.springframework.scheduling.quartz.SpringBeanJobFactory@28f620b3
14:35:00.338 [restartedMain] INFO  o.a.c.h.Http11NioProtocol - [log,173] - Starting ProtocolHandler ["http-nio-8080"]
14:35:00.796 [restartedMain] INFO  o.q.c.QuartzScheduler - [start,547] - Scheduler quartzScheduler_$_NON_CLUSTERED started.
14:35:00.809 [restartedMain] INFO  c.r.RuoYiApplication - [logStarted,61] - Started RuoYiApplication in 14.68 seconds (JVM running for 17.447)
14:35:02.761 [http-nio-8080-exec-2] INFO  o.a.c.c.C.[.[.[/ruoyi-vue-service] - [log,173] - Initializing Spring DispatcherServlet 'dispatcherServlet'
14:35:02.762 [http-nio-8080-exec-2] INFO  o.s.w.s.DispatcherServlet - [initServletBean,525] - Initializing Servlet 'dispatcherServlet'
14:35:02.766 [http-nio-8080-exec-2] INFO  o.s.w.s.DispatcherServlet - [initServletBean,547] - Completed initialization in 4 ms
