00:18:42.529 [restartedMain] INFO  c.r.RuoYiApplication - [logStarting,55] - Starting RuoYiApplication using Java 1.8.0_131 on FOXX-LAPTOP with PID 17920 (E:\IDEA-workspace\TheFoxHole\ruoyi-vue-service\ruoyi-admin\target\classes started by snowfox in E:\IDEA-workspace\TheFoxHole)
00:18:42.529 [background-preinit] INFO  o.h.v.i.util.Version - [<clinit>,21] - HV000001: Hibernate Validator 6.2.3.Final
00:18:42.537 [restartedMain] INFO  c.r.RuoYiApplication - [logStartupProfileInfo,686] - The following 1 profile is active: "dev"
00:18:48.291 [restartedMain] INFO  o.a.c.h.Http11NioProtocol - [log,173] - Initializing ProtocolHandler ["http-nio-8080"]
00:18:48.291 [restartedMain] INFO  o.a.c.c.StandardService - [log,173] - Starting service [Tomcat]
00:18:48.295 [restartedMain] INFO  o.a.c.c.StandardEngine - [log,173] - Starting Servlet engine: [Apache Tomcat/9.0.63]
00:18:48.527 [restartedMain] INFO  o.a.c.c.C.[.[.[/ruoyi-vue-service] - [log,173] - Initializing Spring embedded WebApplicationContext
00:18:54.146 [restartedMain] INFO  c.a.d.p.DruidDataSource - [init,972] - {dataSource-1} inited
00:18:57.480 [restartedMain] INFO  o.q.i.StdSchedulerFactory - [instantiate,1220] - Using default implementation for ThreadExecutor
00:18:57.500 [restartedMain] INFO  o.q.c.SchedulerSignalerImpl - [<init>,61] - Initialized Scheduler Signaller of type: class org.quartz.core.SchedulerSignalerImpl
00:18:57.500 [restartedMain] INFO  o.q.c.QuartzScheduler - [<init>,229] - Quartz Scheduler v.2.3.2 created.
00:18:57.500 [restartedMain] INFO  o.q.s.RAMJobStore - [initialize,155] - RAMJobStore initialized.
00:18:57.500 [restartedMain] INFO  o.q.c.QuartzScheduler - [initialize,294] - Scheduler meta-data: Quartz Scheduler (v2.3.2) 'quartzScheduler' with instanceId 'NON_CLUSTERED'
  Scheduler class: 'org.quartz.core.QuartzScheduler' - running locally.
  NOT STARTED.
  Currently in standby mode.
  Number of jobs executed: 0
  Using thread pool 'org.quartz.simpl.SimpleThreadPool' - with 10 threads.
  Using job-store 'org.quartz.simpl.RAMJobStore' - which does not support persistence. and is not clustered.

00:18:57.504 [restartedMain] INFO  o.q.i.StdSchedulerFactory - [instantiate,1374] - Quartz scheduler 'quartzScheduler' initialized from an externally provided properties instance.
00:18:57.504 [restartedMain] INFO  o.q.i.StdSchedulerFactory - [instantiate,1378] - Quartz scheduler version: 2.3.2
00:18:57.504 [restartedMain] INFO  o.q.c.QuartzScheduler - [setJobFactory,2293] - JobFactory set to: org.springframework.scheduling.quartz.SpringBeanJobFactory@1452f492
00:19:00.391 [restartedMain] INFO  o.a.c.h.Http11NioProtocol - [log,173] - Starting ProtocolHandler ["http-nio-8080"]
00:19:01.061 [restartedMain] INFO  o.q.c.QuartzScheduler - [start,547] - Scheduler quartzScheduler_$_NON_CLUSTERED started.
00:19:01.081 [restartedMain] INFO  c.r.RuoYiApplication - [logStarted,61] - Started RuoYiApplication in 19.394 seconds (JVM running for 24.486)
00:19:20.665 [http-nio-8080-exec-2] INFO  o.a.c.c.C.[.[.[/ruoyi-vue-service] - [log,173] - Initializing Spring DispatcherServlet 'dispatcherServlet'
00:19:20.665 [http-nio-8080-exec-2] INFO  o.s.w.s.DispatcherServlet - [initServletBean,525] - Initializing Servlet 'dispatcherServlet'
00:19:20.670 [http-nio-8080-exec-2] INFO  o.s.w.s.DispatcherServlet - [initServletBean,547] - Completed initialization in 5 ms
00:19:23.440 [schedule-pool-1] INFO  sys-user - [run,52] - [127.0.0.1]内网IP[admin][Success][登录成功]
00:26:10.941 [SpringApplicationShutdownHook] INFO  o.q.c.QuartzScheduler - [standby,585] - Scheduler quartzScheduler_$_NON_CLUSTERED paused.
00:26:11.452 [SpringApplicationShutdownHook] INFO  o.q.c.QuartzScheduler - [shutdown,666] - Scheduler quartzScheduler_$_NON_CLUSTERED shutting down.
00:26:11.453 [SpringApplicationShutdownHook] INFO  o.q.c.QuartzScheduler - [standby,585] - Scheduler quartzScheduler_$_NON_CLUSTERED paused.
00:26:11.453 [SpringApplicationShutdownHook] INFO  o.q.c.QuartzScheduler - [shutdown,740] - Scheduler quartzScheduler_$_NON_CLUSTERED shutdown complete.
00:26:11.453 [SpringApplicationShutdownHook] INFO  sys-user - [shutdownAsyncManager,28] - ====关闭后台任务任务线程池====
00:26:11.457 [SpringApplicationShutdownHook] INFO  c.a.d.p.DruidDataSource - [close,2051] - {dataSource-1} closing ...
00:26:11.465 [SpringApplicationShutdownHook] INFO  c.a.d.p.DruidDataSource - [close,2124] - {dataSource-1} closed
00:26:24.570 [background-preinit] INFO  o.h.v.i.util.Version - [<clinit>,21] - HV000001: Hibernate Validator 6.2.3.Final
00:26:24.583 [restartedMain] INFO  c.r.RuoYiApplication - [logStarting,55] - Starting RuoYiApplication using Java 1.8.0_131 on FOXX-LAPTOP with PID 11584 (E:\IDEA-workspace\TheFoxHole\ruoyi-vue-service\ruoyi-admin\target\classes started by snowfox in E:\IDEA-workspace\TheFoxHole)
00:26:24.585 [restartedMain] INFO  c.r.RuoYiApplication - [logStartupProfileInfo,686] - The following 1 profile is active: "dev"
00:26:29.971 [restartedMain] INFO  o.a.c.h.Http11NioProtocol - [log,173] - Initializing ProtocolHandler ["http-nio-8080"]
00:26:29.972 [restartedMain] INFO  o.a.c.c.StandardService - [log,173] - Starting service [Tomcat]
00:26:29.973 [restartedMain] INFO  o.a.c.c.StandardEngine - [log,173] - Starting Servlet engine: [Apache Tomcat/9.0.63]
00:26:30.249 [restartedMain] INFO  o.a.c.c.C.[.[.[/ruoyi-vue-service] - [log,173] - Initializing Spring embedded WebApplicationContext
00:26:41.769 [restartedMain] INFO  c.a.d.p.DruidDataSource - [init,972] - {dataSource-1} inited
00:26:52.129 [restartedMain] INFO  o.q.i.StdSchedulerFactory - [instantiate,1220] - Using default implementation for ThreadExecutor
00:26:52.167 [restartedMain] INFO  o.q.c.SchedulerSignalerImpl - [<init>,61] - Initialized Scheduler Signaller of type: class org.quartz.core.SchedulerSignalerImpl
00:26:52.169 [restartedMain] INFO  o.q.c.QuartzScheduler - [<init>,229] - Quartz Scheduler v.2.3.2 created.
00:26:52.170 [restartedMain] INFO  o.q.s.RAMJobStore - [initialize,155] - RAMJobStore initialized.
00:26:52.172 [restartedMain] INFO  o.q.c.QuartzScheduler - [initialize,294] - Scheduler meta-data: Quartz Scheduler (v2.3.2) 'quartzScheduler' with instanceId 'NON_CLUSTERED'
  Scheduler class: 'org.quartz.core.QuartzScheduler' - running locally.
  NOT STARTED.
  Currently in standby mode.
  Number of jobs executed: 0
  Using thread pool 'org.quartz.simpl.SimpleThreadPool' - with 10 threads.
  Using job-store 'org.quartz.simpl.RAMJobStore' - which does not support persistence. and is not clustered.

00:26:52.173 [restartedMain] INFO  o.q.i.StdSchedulerFactory - [instantiate,1374] - Quartz scheduler 'quartzScheduler' initialized from an externally provided properties instance.
00:26:52.173 [restartedMain] INFO  o.q.i.StdSchedulerFactory - [instantiate,1378] - Quartz scheduler version: 2.3.2
00:26:52.173 [restartedMain] INFO  o.q.c.QuartzScheduler - [setJobFactory,2293] - JobFactory set to: org.springframework.scheduling.quartz.SpringBeanJobFactory@f19c6a3
00:26:56.723 [restartedMain] INFO  o.a.c.h.Http11NioProtocol - [log,173] - Starting ProtocolHandler ["http-nio-8080"]
00:26:57.584 [restartedMain] INFO  o.q.c.QuartzScheduler - [start,547] - Scheduler quartzScheduler_$_NON_CLUSTERED started.
00:26:57.615 [restartedMain] INFO  c.r.RuoYiApplication - [logStarted,61] - Started RuoYiApplication in 34.631 seconds (JVM running for 39.187)
00:27:15.049 [http-nio-8080-exec-1] INFO  o.a.c.c.C.[.[.[/ruoyi-vue-service] - [log,173] - Initializing Spring DispatcherServlet 'dispatcherServlet'
00:27:15.049 [http-nio-8080-exec-1] INFO  o.s.w.s.DispatcherServlet - [initServletBean,525] - Initializing Servlet 'dispatcherServlet'
00:27:15.052 [http-nio-8080-exec-1] INFO  o.s.w.s.DispatcherServlet - [initServletBean,547] - Completed initialization in 3 ms
00:40:59.655 [SpringApplicationShutdownHook] INFO  o.q.c.QuartzScheduler - [standby,585] - Scheduler quartzScheduler_$_NON_CLUSTERED paused.
00:41:00.154 [SpringApplicationShutdownHook] INFO  o.q.c.QuartzScheduler - [shutdown,666] - Scheduler quartzScheduler_$_NON_CLUSTERED shutting down.
00:41:00.154 [SpringApplicationShutdownHook] INFO  o.q.c.QuartzScheduler - [standby,585] - Scheduler quartzScheduler_$_NON_CLUSTERED paused.
00:41:00.155 [SpringApplicationShutdownHook] INFO  o.q.c.QuartzScheduler - [shutdown,740] - Scheduler quartzScheduler_$_NON_CLUSTERED shutdown complete.
00:41:00.156 [SpringApplicationShutdownHook] INFO  sys-user - [shutdownAsyncManager,28] - ====关闭后台任务任务线程池====
00:41:00.167 [SpringApplicationShutdownHook] INFO  c.a.d.p.DruidDataSource - [close,2051] - {dataSource-1} closing ...
00:41:00.187 [SpringApplicationShutdownHook] INFO  c.a.d.p.DruidDataSource - [close,2124] - {dataSource-1} closed
00:41:14.879 [background-preinit] INFO  o.h.v.i.util.Version - [<clinit>,21] - HV000001: Hibernate Validator 6.2.3.Final
00:41:14.883 [restartedMain] INFO  c.r.RuoYiApplication - [logStarting,55] - Starting RuoYiApplication using Java 1.8.0_131 on FOXX-LAPTOP with PID 7604 (E:\IDEA-workspace\TheFoxHole\ruoyi-vue-service\ruoyi-admin\target\classes started by snowfox in E:\IDEA-workspace\TheFoxHole)
00:41:14.884 [restartedMain] INFO  c.r.RuoYiApplication - [logStartupProfileInfo,686] - The following 1 profile is active: "dev"
00:41:18.827 [restartedMain] INFO  o.a.c.h.Http11NioProtocol - [log,173] - Initializing ProtocolHandler ["http-nio-8080"]
00:41:18.828 [restartedMain] INFO  o.a.c.c.StandardService - [log,173] - Starting service [Tomcat]
00:41:18.828 [restartedMain] INFO  o.a.c.c.StandardEngine - [log,173] - Starting Servlet engine: [Apache Tomcat/9.0.63]
00:41:18.991 [restartedMain] INFO  o.a.c.c.C.[.[.[/ruoyi-vue-service] - [log,173] - Initializing Spring embedded WebApplicationContext
00:41:22.861 [restartedMain] INFO  c.a.d.p.DruidDataSource - [init,972] - {dataSource-1} inited
00:41:25.796 [restartedMain] INFO  o.q.i.StdSchedulerFactory - [instantiate,1220] - Using default implementation for ThreadExecutor
00:41:25.872 [restartedMain] INFO  o.q.c.SchedulerSignalerImpl - [<init>,61] - Initialized Scheduler Signaller of type: class org.quartz.core.SchedulerSignalerImpl
00:41:25.873 [restartedMain] INFO  o.q.c.QuartzScheduler - [<init>,229] - Quartz Scheduler v.2.3.2 created.
00:41:25.877 [restartedMain] INFO  o.q.s.RAMJobStore - [initialize,155] - RAMJobStore initialized.
00:41:25.879 [restartedMain] INFO  o.q.c.QuartzScheduler - [initialize,294] - Scheduler meta-data: Quartz Scheduler (v2.3.2) 'quartzScheduler' with instanceId 'NON_CLUSTERED'
  Scheduler class: 'org.quartz.core.QuartzScheduler' - running locally.
  NOT STARTED.
  Currently in standby mode.
  Number of jobs executed: 0
  Using thread pool 'org.quartz.simpl.SimpleThreadPool' - with 10 threads.
  Using job-store 'org.quartz.simpl.RAMJobStore' - which does not support persistence. and is not clustered.

00:41:25.879 [restartedMain] INFO  o.q.i.StdSchedulerFactory - [instantiate,1374] - Quartz scheduler 'quartzScheduler' initialized from an externally provided properties instance.
00:41:25.879 [restartedMain] INFO  o.q.i.StdSchedulerFactory - [instantiate,1378] - Quartz scheduler version: 2.3.2
00:41:25.880 [restartedMain] INFO  o.q.c.QuartzScheduler - [setJobFactory,2293] - JobFactory set to: org.springframework.scheduling.quartz.SpringBeanJobFactory@57f5f6e5
00:41:28.614 [restartedMain] INFO  o.a.c.h.Http11NioProtocol - [log,173] - Starting ProtocolHandler ["http-nio-8080"]
00:41:29.087 [restartedMain] INFO  o.q.c.QuartzScheduler - [start,547] - Scheduler quartzScheduler_$_NON_CLUSTERED started.
00:41:29.098 [restartedMain] INFO  c.r.RuoYiApplication - [logStarted,61] - Started RuoYiApplication in 14.983 seconds (JVM running for 18.506)
00:42:14.894 [http-nio-8080-exec-1] INFO  o.a.c.c.C.[.[.[/ruoyi-vue-service] - [log,173] - Initializing Spring DispatcherServlet 'dispatcherServlet'
00:42:14.895 [http-nio-8080-exec-1] INFO  o.s.w.s.DispatcherServlet - [initServletBean,525] - Initializing Servlet 'dispatcherServlet'
00:42:14.898 [http-nio-8080-exec-1] INFO  o.s.w.s.DispatcherServlet - [initServletBean,547] - Completed initialization in 3 ms
01:29:17.736 [SpringApplicationShutdownHook] INFO  o.q.c.QuartzScheduler - [standby,585] - Scheduler quartzScheduler_$_NON_CLUSTERED paused.
01:29:18.392 [SpringApplicationShutdownHook] INFO  o.q.c.QuartzScheduler - [shutdown,666] - Scheduler quartzScheduler_$_NON_CLUSTERED shutting down.
01:29:18.392 [SpringApplicationShutdownHook] INFO  o.q.c.QuartzScheduler - [standby,585] - Scheduler quartzScheduler_$_NON_CLUSTERED paused.
01:29:18.394 [SpringApplicationShutdownHook] INFO  o.q.c.QuartzScheduler - [shutdown,740] - Scheduler quartzScheduler_$_NON_CLUSTERED shutdown complete.
01:29:18.395 [SpringApplicationShutdownHook] INFO  sys-user - [shutdownAsyncManager,28] - ====关闭后台任务任务线程池====
01:29:18.402 [SpringApplicationShutdownHook] INFO  c.a.d.p.DruidDataSource - [close,2051] - {dataSource-1} closing ...
01:29:18.413 [SpringApplicationShutdownHook] INFO  c.a.d.p.DruidDataSource - [close,2124] - {dataSource-1} closed
16:01:25.656 [background-preinit] INFO  o.h.v.i.util.Version - [<clinit>,21] - HV000001: Hibernate Validator 6.2.3.Final
16:01:25.656 [restartedMain] INFO  c.r.RuoYiApplication - [logStarting,55] - Starting RuoYiApplication using Java 1.8.0_131 on FOXX-LAPTOP with PID 12576 (E:\IDEA-workspace\TheFoxHole\ruoyi-vue-service\ruoyi-admin\target\classes started by snowfox in E:\IDEA-workspace\TheFoxHole)
16:01:25.664 [restartedMain] INFO  c.r.RuoYiApplication - [logStartupProfileInfo,686] - The following 1 profile is active: "dev"
16:01:30.859 [restartedMain] INFO  o.a.c.h.Http11NioProtocol - [log,173] - Initializing ProtocolHandler ["http-nio-8080"]
16:01:30.863 [restartedMain] INFO  o.a.c.c.StandardService - [log,173] - Starting service [Tomcat]
16:01:30.863 [restartedMain] INFO  o.a.c.c.StandardEngine - [log,173] - Starting Servlet engine: [Apache Tomcat/9.0.63]
16:01:31.051 [restartedMain] INFO  o.a.c.c.C.[.[.[/ruoyi-vue-service] - [log,173] - Initializing Spring embedded WebApplicationContext
16:01:35.457 [restartedMain] INFO  c.a.d.p.DruidDataSource - [init,972] - {dataSource-1} inited
16:01:38.607 [restartedMain] INFO  o.q.i.StdSchedulerFactory - [instantiate,1220] - Using default implementation for ThreadExecutor
16:01:38.627 [restartedMain] INFO  o.q.c.SchedulerSignalerImpl - [<init>,61] - Initialized Scheduler Signaller of type: class org.quartz.core.SchedulerSignalerImpl
16:01:38.631 [restartedMain] INFO  o.q.c.QuartzScheduler - [<init>,229] - Quartz Scheduler v.2.3.2 created.
16:01:38.631 [restartedMain] INFO  o.q.s.RAMJobStore - [initialize,155] - RAMJobStore initialized.
16:01:38.631 [restartedMain] INFO  o.q.c.QuartzScheduler - [initialize,294] - Scheduler meta-data: Quartz Scheduler (v2.3.2) 'quartzScheduler' with instanceId 'NON_CLUSTERED'
  Scheduler class: 'org.quartz.core.QuartzScheduler' - running locally.
  NOT STARTED.
  Currently in standby mode.
  Number of jobs executed: 0
  Using thread pool 'org.quartz.simpl.SimpleThreadPool' - with 10 threads.
  Using job-store 'org.quartz.simpl.RAMJobStore' - which does not support persistence. and is not clustered.

16:01:38.631 [restartedMain] INFO  o.q.i.StdSchedulerFactory - [instantiate,1374] - Quartz scheduler 'quartzScheduler' initialized from an externally provided properties instance.
16:01:38.631 [restartedMain] INFO  o.q.i.StdSchedulerFactory - [instantiate,1378] - Quartz scheduler version: 2.3.2
16:01:38.631 [restartedMain] INFO  o.q.c.QuartzScheduler - [setJobFactory,2293] - JobFactory set to: org.springframework.scheduling.quartz.SpringBeanJobFactory@5acc466f
16:01:41.732 [restartedMain] INFO  o.a.c.h.Http11NioProtocol - [log,173] - Starting ProtocolHandler ["http-nio-8080"]
16:01:42.407 [restartedMain] INFO  o.q.c.QuartzScheduler - [start,547] - Scheduler quartzScheduler_$_NON_CLUSTERED started.
16:01:42.423 [restartedMain] INFO  c.r.RuoYiApplication - [logStarted,61] - Started RuoYiApplication in 17.56 seconds (JVM running for 25.358)
16:01:55.403 [http-nio-8080-exec-1] INFO  o.a.c.c.C.[.[.[/ruoyi-vue-service] - [log,173] - Initializing Spring DispatcherServlet 'dispatcherServlet'
16:01:55.403 [http-nio-8080-exec-1] INFO  o.s.w.s.DispatcherServlet - [initServletBean,525] - Initializing Servlet 'dispatcherServlet'
16:01:55.407 [http-nio-8080-exec-1] INFO  o.s.w.s.DispatcherServlet - [initServletBean,547] - Completed initialization in 4 ms
16:05:28.464 [schedule-pool-1] INFO  sys-user - [run,52] - [127.0.0.1]内网IP[admin][Success][登录成功]
17:35:42.686 [schedule-pool-1] INFO  sys-user - [run,52] - [127.0.0.1]内网IP[admin][Success][登录成功]
19:30:47.655 [schedule-pool-1] INFO  sys-user - [run,52] - [127.0.0.1]内网IP[admin][Success][登录成功]
19:39:58.971 [SpringApplicationShutdownHook] INFO  o.q.c.QuartzScheduler - [standby,585] - Scheduler quartzScheduler_$_NON_CLUSTERED paused.
19:39:59.434 [SpringApplicationShutdownHook] INFO  o.q.c.QuartzScheduler - [shutdown,666] - Scheduler quartzScheduler_$_NON_CLUSTERED shutting down.
19:39:59.434 [SpringApplicationShutdownHook] INFO  o.q.c.QuartzScheduler - [standby,585] - Scheduler quartzScheduler_$_NON_CLUSTERED paused.
19:39:59.435 [SpringApplicationShutdownHook] INFO  o.q.c.QuartzScheduler - [shutdown,740] - Scheduler quartzScheduler_$_NON_CLUSTERED shutdown complete.
19:39:59.435 [SpringApplicationShutdownHook] INFO  sys-user - [shutdownAsyncManager,28] - ====关闭后台任务任务线程池====
19:39:59.442 [SpringApplicationShutdownHook] INFO  c.a.d.p.DruidDataSource - [close,2051] - {dataSource-1} closing ...
19:39:59.448 [SpringApplicationShutdownHook] INFO  c.a.d.p.DruidDataSource - [close,2124] - {dataSource-1} closed
19:40:48.893 [background-preinit] INFO  o.h.v.i.util.Version - [<clinit>,21] - HV000001: Hibernate Validator 6.2.3.Final
19:40:48.897 [restartedMain] INFO  c.r.RuoYiApplication - [logStarting,55] - Starting RuoYiApplication using Java 1.8.0_131 on FOXX-LAPTOP with PID 19660 (E:\IDEA-workspace\TheFoxHole\ruoyi-vue-service\ruoyi-admin\target\classes started by snowfox in E:\IDEA-workspace\TheFoxHole)
19:40:48.898 [restartedMain] INFO  c.r.RuoYiApplication - [logStartupProfileInfo,686] - The following 1 profile is active: "dev"
19:40:52.562 [restartedMain] INFO  o.a.c.h.Http11NioProtocol - [log,173] - Initializing ProtocolHandler ["http-nio-8080"]
19:40:52.563 [restartedMain] INFO  o.a.c.c.StandardService - [log,173] - Starting service [Tomcat]
19:40:52.563 [restartedMain] INFO  o.a.c.c.StandardEngine - [log,173] - Starting Servlet engine: [Apache Tomcat/9.0.63]
19:40:52.723 [restartedMain] INFO  o.a.c.c.C.[.[.[/ruoyi-vue-service] - [log,173] - Initializing Spring embedded WebApplicationContext
19:40:56.238 [restartedMain] INFO  c.a.d.p.DruidDataSource - [init,972] - {dataSource-1} inited
19:40:58.736 [restartedMain] INFO  o.q.i.StdSchedulerFactory - [instantiate,1220] - Using default implementation for ThreadExecutor
19:40:58.755 [restartedMain] INFO  o.q.c.SchedulerSignalerImpl - [<init>,61] - Initialized Scheduler Signaller of type: class org.quartz.core.SchedulerSignalerImpl
19:40:58.755 [restartedMain] INFO  o.q.c.QuartzScheduler - [<init>,229] - Quartz Scheduler v.2.3.2 created.
19:40:58.756 [restartedMain] INFO  o.q.s.RAMJobStore - [initialize,155] - RAMJobStore initialized.
19:40:58.758 [restartedMain] INFO  o.q.c.QuartzScheduler - [initialize,294] - Scheduler meta-data: Quartz Scheduler (v2.3.2) 'quartzScheduler' with instanceId 'NON_CLUSTERED'
  Scheduler class: 'org.quartz.core.QuartzScheduler' - running locally.
  NOT STARTED.
  Currently in standby mode.
  Number of jobs executed: 0
  Using thread pool 'org.quartz.simpl.SimpleThreadPool' - with 10 threads.
  Using job-store 'org.quartz.simpl.RAMJobStore' - which does not support persistence. and is not clustered.

19:40:58.758 [restartedMain] INFO  o.q.i.StdSchedulerFactory - [instantiate,1374] - Quartz scheduler 'quartzScheduler' initialized from an externally provided properties instance.
19:40:58.758 [restartedMain] INFO  o.q.i.StdSchedulerFactory - [instantiate,1378] - Quartz scheduler version: 2.3.2
19:40:58.758 [restartedMain] INFO  o.q.c.QuartzScheduler - [setJobFactory,2293] - JobFactory set to: org.springframework.scheduling.quartz.SpringBeanJobFactory@6385f94c
19:41:00.949 [restartedMain] INFO  o.a.c.h.Http11NioProtocol - [log,173] - Starting ProtocolHandler ["http-nio-8080"]
19:41:01.432 [restartedMain] INFO  o.q.c.QuartzScheduler - [start,547] - Scheduler quartzScheduler_$_NON_CLUSTERED started.
19:41:01.444 [restartedMain] INFO  c.r.RuoYiApplication - [logStarted,61] - Started RuoYiApplication in 13.279 seconds (JVM running for 15.825)
19:41:32.349 [http-nio-8080-exec-1] INFO  o.a.c.c.C.[.[.[/ruoyi-vue-service] - [log,173] - Initializing Spring DispatcherServlet 'dispatcherServlet'
19:41:32.349 [http-nio-8080-exec-1] INFO  o.s.w.s.DispatcherServlet - [initServletBean,525] - Initializing Servlet 'dispatcherServlet'
19:41:32.351 [http-nio-8080-exec-1] INFO  o.s.w.s.DispatcherServlet - [initServletBean,547] - Completed initialization in 2 ms
20:13:58.085 [schedule-pool-1] INFO  sys-user - [run,52] - [127.0.0.1]内网IP[admin][Success][登录成功]
21:48:24.929 [SpringApplicationShutdownHook] INFO  o.q.c.QuartzScheduler - [standby,585] - Scheduler quartzScheduler_$_NON_CLUSTERED paused.
21:48:25.396 [SpringApplicationShutdownHook] INFO  o.q.c.QuartzScheduler - [shutdown,666] - Scheduler quartzScheduler_$_NON_CLUSTERED shutting down.
21:48:25.398 [SpringApplicationShutdownHook] INFO  o.q.c.QuartzScheduler - [standby,585] - Scheduler quartzScheduler_$_NON_CLUSTERED paused.
21:48:25.400 [SpringApplicationShutdownHook] INFO  o.q.c.QuartzScheduler - [shutdown,740] - Scheduler quartzScheduler_$_NON_CLUSTERED shutdown complete.
21:48:25.403 [SpringApplicationShutdownHook] INFO  sys-user - [shutdownAsyncManager,28] - ====关闭后台任务任务线程池====
21:48:25.416 [SpringApplicationShutdownHook] INFO  c.a.d.p.DruidDataSource - [close,2051] - {dataSource-1} closing ...
21:48:25.429 [SpringApplicationShutdownHook] INFO  c.a.d.p.DruidDataSource - [close,2124] - {dataSource-1} closed
21:48:40.542 [background-preinit] INFO  o.h.v.i.util.Version - [<clinit>,21] - HV000001: Hibernate Validator 6.2.3.Final
21:48:40.545 [restartedMain] INFO  c.r.RuoYiApplication - [logStarting,55] - Starting RuoYiApplication using Java 1.8.0_131 on FOXX-LAPTOP with PID 8328 (E:\IDEA-workspace\TheFoxHole\ruoyi-vue-service\ruoyi-admin\target\classes started by snowfox in E:\IDEA-workspace\TheFoxHole)
21:48:40.547 [restartedMain] INFO  c.r.RuoYiApplication - [logStartupProfileInfo,686] - The following 1 profile is active: "dev"
21:48:45.364 [restartedMain] INFO  o.a.c.h.Http11NioProtocol - [log,173] - Initializing ProtocolHandler ["http-nio-8080"]
21:48:45.364 [restartedMain] INFO  o.a.c.c.StandardService - [log,173] - Starting service [Tomcat]
21:48:45.365 [restartedMain] INFO  o.a.c.c.StandardEngine - [log,173] - Starting Servlet engine: [Apache Tomcat/9.0.63]
21:48:45.576 [restartedMain] INFO  o.a.c.c.C.[.[.[/ruoyi-vue-service] - [log,173] - Initializing Spring embedded WebApplicationContext
21:48:50.215 [restartedMain] INFO  c.a.d.p.DruidDataSource - [init,972] - {dataSource-1} inited
21:48:53.369 [restartedMain] INFO  o.q.i.StdSchedulerFactory - [instantiate,1220] - Using default implementation for ThreadExecutor
21:48:53.387 [restartedMain] INFO  o.q.c.SchedulerSignalerImpl - [<init>,61] - Initialized Scheduler Signaller of type: class org.quartz.core.SchedulerSignalerImpl
21:48:53.387 [restartedMain] INFO  o.q.c.QuartzScheduler - [<init>,229] - Quartz Scheduler v.2.3.2 created.
21:48:53.389 [restartedMain] INFO  o.q.s.RAMJobStore - [initialize,155] - RAMJobStore initialized.
21:48:53.390 [restartedMain] INFO  o.q.c.QuartzScheduler - [initialize,294] - Scheduler meta-data: Quartz Scheduler (v2.3.2) 'quartzScheduler' with instanceId 'NON_CLUSTERED'
  Scheduler class: 'org.quartz.core.QuartzScheduler' - running locally.
  NOT STARTED.
  Currently in standby mode.
  Number of jobs executed: 0
  Using thread pool 'org.quartz.simpl.SimpleThreadPool' - with 10 threads.
  Using job-store 'org.quartz.simpl.RAMJobStore' - which does not support persistence. and is not clustered.

21:48:53.391 [restartedMain] INFO  o.q.i.StdSchedulerFactory - [instantiate,1374] - Quartz scheduler 'quartzScheduler' initialized from an externally provided properties instance.
21:48:53.391 [restartedMain] INFO  o.q.i.StdSchedulerFactory - [instantiate,1378] - Quartz scheduler version: 2.3.2
21:48:53.391 [restartedMain] INFO  o.q.c.QuartzScheduler - [setJobFactory,2293] - JobFactory set to: org.springframework.scheduling.quartz.SpringBeanJobFactory@591a9a30
21:48:56.147 [restartedMain] INFO  o.a.c.h.Http11NioProtocol - [log,173] - Starting ProtocolHandler ["http-nio-8080"]
21:48:56.823 [restartedMain] INFO  o.q.c.QuartzScheduler - [start,547] - Scheduler quartzScheduler_$_NON_CLUSTERED started.
21:48:56.843 [restartedMain] INFO  c.r.RuoYiApplication - [logStarted,61] - Started RuoYiApplication in 16.973 seconds (JVM running for 19.586)
21:49:19.861 [http-nio-8080-exec-2] INFO  o.a.c.c.C.[.[.[/ruoyi-vue-service] - [log,173] - Initializing Spring DispatcherServlet 'dispatcherServlet'
21:49:19.862 [http-nio-8080-exec-2] INFO  o.s.w.s.DispatcherServlet - [initServletBean,525] - Initializing Servlet 'dispatcherServlet'
21:49:19.866 [http-nio-8080-exec-2] INFO  o.s.w.s.DispatcherServlet - [initServletBean,547] - Completed initialization in 4 ms
21:49:21.385 [schedule-pool-1] INFO  sys-user - [run,52] - [127.0.0.1]内网IP[admin][Success][登录成功]
22:07:50.476 [SpringApplicationShutdownHook] INFO  o.q.c.QuartzScheduler - [standby,585] - Scheduler quartzScheduler_$_NON_CLUSTERED paused.
22:07:50.932 [SpringApplicationShutdownHook] INFO  o.q.c.QuartzScheduler - [shutdown,666] - Scheduler quartzScheduler_$_NON_CLUSTERED shutting down.
22:07:50.933 [SpringApplicationShutdownHook] INFO  o.q.c.QuartzScheduler - [standby,585] - Scheduler quartzScheduler_$_NON_CLUSTERED paused.
22:07:50.934 [SpringApplicationShutdownHook] INFO  o.q.c.QuartzScheduler - [shutdown,740] - Scheduler quartzScheduler_$_NON_CLUSTERED shutdown complete.
22:07:50.934 [SpringApplicationShutdownHook] INFO  sys-user - [shutdownAsyncManager,28] - ====关闭后台任务任务线程池====
22:07:50.940 [SpringApplicationShutdownHook] INFO  c.a.d.p.DruidDataSource - [close,2051] - {dataSource-1} closing ...
22:07:50.943 [SpringApplicationShutdownHook] INFO  c.a.d.p.DruidDataSource - [close,2124] - {dataSource-1} closed
22:08:02.832 [restartedMain] INFO  c.r.RuoYiApplication - [logStarting,55] - Starting RuoYiApplication using Java 1.8.0_131 on FOXX-LAPTOP with PID 16068 (E:\IDEA-workspace\TheFoxHole\ruoyi-vue-service\ruoyi-admin\target\classes started by snowfox in E:\IDEA-workspace\TheFoxHole)
22:08:02.832 [background-preinit] INFO  o.h.v.i.util.Version - [<clinit>,21] - HV000001: Hibernate Validator 6.2.3.Final
22:08:02.836 [restartedMain] INFO  c.r.RuoYiApplication - [logStartupProfileInfo,686] - The following 1 profile is active: "dev"
22:08:07.057 [restartedMain] INFO  o.a.c.h.Http11NioProtocol - [log,173] - Initializing ProtocolHandler ["http-nio-8080"]
22:08:07.058 [restartedMain] INFO  o.a.c.c.StandardService - [log,173] - Starting service [Tomcat]
22:08:07.058 [restartedMain] INFO  o.a.c.c.StandardEngine - [log,173] - Starting Servlet engine: [Apache Tomcat/9.0.63]
22:08:07.239 [restartedMain] INFO  o.a.c.c.C.[.[.[/ruoyi-vue-service] - [log,173] - Initializing Spring embedded WebApplicationContext
22:08:10.889 [restartedMain] INFO  c.a.d.p.DruidDataSource - [init,972] - {dataSource-1} inited
22:08:13.299 [restartedMain] INFO  o.q.i.StdSchedulerFactory - [instantiate,1220] - Using default implementation for ThreadExecutor
22:08:13.319 [restartedMain] INFO  o.q.c.SchedulerSignalerImpl - [<init>,61] - Initialized Scheduler Signaller of type: class org.quartz.core.SchedulerSignalerImpl
22:08:13.319 [restartedMain] INFO  o.q.c.QuartzScheduler - [<init>,229] - Quartz Scheduler v.2.3.2 created.
22:08:13.320 [restartedMain] INFO  o.q.s.RAMJobStore - [initialize,155] - RAMJobStore initialized.
22:08:13.322 [restartedMain] INFO  o.q.c.QuartzScheduler - [initialize,294] - Scheduler meta-data: Quartz Scheduler (v2.3.2) 'quartzScheduler' with instanceId 'NON_CLUSTERED'
  Scheduler class: 'org.quartz.core.QuartzScheduler' - running locally.
  NOT STARTED.
  Currently in standby mode.
  Number of jobs executed: 0
  Using thread pool 'org.quartz.simpl.SimpleThreadPool' - with 10 threads.
  Using job-store 'org.quartz.simpl.RAMJobStore' - which does not support persistence. and is not clustered.

22:08:13.322 [restartedMain] INFO  o.q.i.StdSchedulerFactory - [instantiate,1374] - Quartz scheduler 'quartzScheduler' initialized from an externally provided properties instance.
22:08:13.322 [restartedMain] INFO  o.q.i.StdSchedulerFactory - [instantiate,1378] - Quartz scheduler version: 2.3.2
22:08:13.322 [restartedMain] INFO  o.q.c.QuartzScheduler - [setJobFactory,2293] - JobFactory set to: org.springframework.scheduling.quartz.SpringBeanJobFactory@1d499233
22:08:15.457 [restartedMain] INFO  o.a.c.h.Http11NioProtocol - [log,173] - Starting ProtocolHandler ["http-nio-8080"]
22:08:15.898 [restartedMain] INFO  o.q.c.QuartzScheduler - [start,547] - Scheduler quartzScheduler_$_NON_CLUSTERED started.
22:08:15.910 [restartedMain] INFO  c.r.RuoYiApplication - [logStarted,61] - Started RuoYiApplication in 13.651 seconds (JVM running for 16.368)
22:08:27.899 [http-nio-8080-exec-2] INFO  o.a.c.c.C.[.[.[/ruoyi-vue-service] - [log,173] - Initializing Spring DispatcherServlet 'dispatcherServlet'
22:08:27.899 [http-nio-8080-exec-2] INFO  o.s.w.s.DispatcherServlet - [initServletBean,525] - Initializing Servlet 'dispatcherServlet'
22:08:27.901 [http-nio-8080-exec-2] INFO  o.s.w.s.DispatcherServlet - [initServletBean,547] - Completed initialization in 2 ms
22:16:29.634 [SpringApplicationShutdownHook] INFO  o.q.c.QuartzScheduler - [standby,585] - Scheduler quartzScheduler_$_NON_CLUSTERED paused.
22:16:30.140 [SpringApplicationShutdownHook] INFO  o.q.c.QuartzScheduler - [shutdown,666] - Scheduler quartzScheduler_$_NON_CLUSTERED shutting down.
22:16:30.140 [SpringApplicationShutdownHook] INFO  o.q.c.QuartzScheduler - [standby,585] - Scheduler quartzScheduler_$_NON_CLUSTERED paused.
22:16:30.141 [SpringApplicationShutdownHook] INFO  o.q.c.QuartzScheduler - [shutdown,740] - Scheduler quartzScheduler_$_NON_CLUSTERED shutdown complete.
22:16:30.141 [SpringApplicationShutdownHook] INFO  sys-user - [shutdownAsyncManager,28] - ====关闭后台任务任务线程池====
22:16:30.145 [SpringApplicationShutdownHook] INFO  c.a.d.p.DruidDataSource - [close,2051] - {dataSource-1} closing ...
22:16:30.152 [SpringApplicationShutdownHook] INFO  c.a.d.p.DruidDataSource - [close,2124] - {dataSource-1} closed
22:16:42.185 [background-preinit] INFO  o.h.v.i.util.Version - [<clinit>,21] - HV000001: Hibernate Validator 6.2.3.Final
22:16:42.186 [restartedMain] INFO  c.r.RuoYiApplication - [logStarting,55] - Starting RuoYiApplication using Java 1.8.0_131 on FOXX-LAPTOP with PID 6200 (E:\IDEA-workspace\TheFoxHole\ruoyi-vue-service\ruoyi-admin\target\classes started by snowfox in E:\IDEA-workspace\TheFoxHole)
22:16:42.192 [restartedMain] INFO  c.r.RuoYiApplication - [logStartupProfileInfo,686] - The following 1 profile is active: "dev"
22:16:45.487 [restartedMain] INFO  o.a.c.h.Http11NioProtocol - [log,173] - Initializing ProtocolHandler ["http-nio-8080"]
22:16:45.488 [restartedMain] INFO  o.a.c.c.StandardService - [log,173] - Starting service [Tomcat]
22:16:45.488 [restartedMain] INFO  o.a.c.c.StandardEngine - [log,173] - Starting Servlet engine: [Apache Tomcat/9.0.63]
22:16:45.631 [restartedMain] INFO  o.a.c.c.C.[.[.[/ruoyi-vue-service] - [log,173] - Initializing Spring embedded WebApplicationContext
22:16:48.985 [restartedMain] INFO  c.a.d.p.DruidDataSource - [init,972] - {dataSource-1} inited
22:16:51.489 [restartedMain] INFO  o.q.i.StdSchedulerFactory - [instantiate,1220] - Using default implementation for ThreadExecutor
22:16:51.505 [restartedMain] INFO  o.q.c.SchedulerSignalerImpl - [<init>,61] - Initialized Scheduler Signaller of type: class org.quartz.core.SchedulerSignalerImpl
22:16:51.507 [restartedMain] INFO  o.q.c.QuartzScheduler - [<init>,229] - Quartz Scheduler v.2.3.2 created.
22:16:51.508 [restartedMain] INFO  o.q.s.RAMJobStore - [initialize,155] - RAMJobStore initialized.
22:16:51.510 [restartedMain] INFO  o.q.c.QuartzScheduler - [initialize,294] - Scheduler meta-data: Quartz Scheduler (v2.3.2) 'quartzScheduler' with instanceId 'NON_CLUSTERED'
  Scheduler class: 'org.quartz.core.QuartzScheduler' - running locally.
  NOT STARTED.
  Currently in standby mode.
  Number of jobs executed: 0
  Using thread pool 'org.quartz.simpl.SimpleThreadPool' - with 10 threads.
  Using job-store 'org.quartz.simpl.RAMJobStore' - which does not support persistence. and is not clustered.

22:16:51.510 [restartedMain] INFO  o.q.i.StdSchedulerFactory - [instantiate,1374] - Quartz scheduler 'quartzScheduler' initialized from an externally provided properties instance.
22:16:51.511 [restartedMain] INFO  o.q.i.StdSchedulerFactory - [instantiate,1378] - Quartz scheduler version: 2.3.2
22:16:51.511 [restartedMain] INFO  o.q.c.QuartzScheduler - [setJobFactory,2293] - JobFactory set to: org.springframework.scheduling.quartz.SpringBeanJobFactory@7c8a185e
22:16:54.049 [restartedMain] INFO  o.a.c.h.Http11NioProtocol - [log,173] - Starting ProtocolHandler ["http-nio-8080"]
22:16:54.660 [restartedMain] INFO  o.q.c.QuartzScheduler - [start,547] - Scheduler quartzScheduler_$_NON_CLUSTERED started.
22:16:54.671 [restartedMain] INFO  c.r.RuoYiApplication - [logStarted,61] - Started RuoYiApplication in 12.995 seconds (JVM running for 15.364)
22:17:37.048 [http-nio-8080-exec-2] INFO  o.a.c.c.C.[.[.[/ruoyi-vue-service] - [log,173] - Initializing Spring DispatcherServlet 'dispatcherServlet'
22:17:37.048 [http-nio-8080-exec-2] INFO  o.s.w.s.DispatcherServlet - [initServletBean,525] - Initializing Servlet 'dispatcherServlet'
22:17:37.054 [http-nio-8080-exec-2] INFO  o.s.w.s.DispatcherServlet - [initServletBean,547] - Completed initialization in 5 ms
22:19:58.795 [SpringApplicationShutdownHook] INFO  o.q.c.QuartzScheduler - [standby,585] - Scheduler quartzScheduler_$_NON_CLUSTERED paused.
22:19:59.239 [SpringApplicationShutdownHook] INFO  o.q.c.QuartzScheduler - [shutdown,666] - Scheduler quartzScheduler_$_NON_CLUSTERED shutting down.
22:19:59.239 [SpringApplicationShutdownHook] INFO  o.q.c.QuartzScheduler - [standby,585] - Scheduler quartzScheduler_$_NON_CLUSTERED paused.
22:19:59.240 [SpringApplicationShutdownHook] INFO  o.q.c.QuartzScheduler - [shutdown,740] - Scheduler quartzScheduler_$_NON_CLUSTERED shutdown complete.
22:19:59.240 [SpringApplicationShutdownHook] INFO  sys-user - [shutdownAsyncManager,28] - ====关闭后台任务任务线程池====
22:19:59.244 [SpringApplicationShutdownHook] INFO  c.a.d.p.DruidDataSource - [close,2051] - {dataSource-1} closing ...
22:19:59.251 [SpringApplicationShutdownHook] INFO  c.a.d.p.DruidDataSource - [close,2124] - {dataSource-1} closed
22:20:08.108 [background-preinit] INFO  o.h.v.i.util.Version - [<clinit>,21] - HV000001: Hibernate Validator 6.2.3.Final
22:20:08.110 [restartedMain] INFO  c.r.RuoYiApplication - [logStarting,55] - Starting RuoYiApplication using Java 1.8.0_131 on FOXX-LAPTOP with PID 18516 (E:\IDEA-workspace\TheFoxHole\ruoyi-vue-service\ruoyi-admin\target\classes started by snowfox in E:\IDEA-workspace\TheFoxHole)
22:20:08.113 [restartedMain] INFO  c.r.RuoYiApplication - [logStartupProfileInfo,686] - The following 1 profile is active: "dev"
22:20:11.566 [restartedMain] INFO  o.a.c.h.Http11NioProtocol - [log,173] - Initializing ProtocolHandler ["http-nio-8080"]
22:20:11.567 [restartedMain] INFO  o.a.c.c.StandardService - [log,173] - Starting service [Tomcat]
22:20:11.567 [restartedMain] INFO  o.a.c.c.StandardEngine - [log,173] - Starting Servlet engine: [Apache Tomcat/9.0.63]
22:20:11.712 [restartedMain] INFO  o.a.c.c.C.[.[.[/ruoyi-vue-service] - [log,173] - Initializing Spring embedded WebApplicationContext
22:20:15.666 [restartedMain] INFO  c.a.d.p.DruidDataSource - [init,972] - {dataSource-1} inited
22:20:18.525 [restartedMain] INFO  o.q.i.StdSchedulerFactory - [instantiate,1220] - Using default implementation for ThreadExecutor
22:20:18.551 [restartedMain] INFO  o.q.c.SchedulerSignalerImpl - [<init>,61] - Initialized Scheduler Signaller of type: class org.quartz.core.SchedulerSignalerImpl
22:20:18.552 [restartedMain] INFO  o.q.c.QuartzScheduler - [<init>,229] - Quartz Scheduler v.2.3.2 created.
22:20:18.554 [restartedMain] INFO  o.q.s.RAMJobStore - [initialize,155] - RAMJobStore initialized.
22:20:18.557 [restartedMain] INFO  o.q.c.QuartzScheduler - [initialize,294] - Scheduler meta-data: Quartz Scheduler (v2.3.2) 'quartzScheduler' with instanceId 'NON_CLUSTERED'
  Scheduler class: 'org.quartz.core.QuartzScheduler' - running locally.
  NOT STARTED.
  Currently in standby mode.
  Number of jobs executed: 0
  Using thread pool 'org.quartz.simpl.SimpleThreadPool' - with 10 threads.
  Using job-store 'org.quartz.simpl.RAMJobStore' - which does not support persistence. and is not clustered.

22:20:18.558 [restartedMain] INFO  o.q.i.StdSchedulerFactory - [instantiate,1374] - Quartz scheduler 'quartzScheduler' initialized from an externally provided properties instance.
22:20:18.558 [restartedMain] INFO  o.q.i.StdSchedulerFactory - [instantiate,1378] - Quartz scheduler version: 2.3.2
22:20:18.558 [restartedMain] INFO  o.q.c.QuartzScheduler - [setJobFactory,2293] - JobFactory set to: org.springframework.scheduling.quartz.SpringBeanJobFactory@11bdd9fe
22:20:21.052 [restartedMain] INFO  o.a.c.h.Http11NioProtocol - [log,173] - Starting ProtocolHandler ["http-nio-8080"]
22:20:21.618 [restartedMain] INFO  o.q.c.QuartzScheduler - [start,547] - Scheduler quartzScheduler_$_NON_CLUSTERED started.
22:20:21.633 [restartedMain] INFO  c.r.RuoYiApplication - [logStarted,61] - Started RuoYiApplication in 14.086 seconds (JVM running for 16.631)
22:20:28.940 [http-nio-8080-exec-2] INFO  o.a.c.c.C.[.[.[/ruoyi-vue-service] - [log,173] - Initializing Spring DispatcherServlet 'dispatcherServlet'
22:20:28.940 [http-nio-8080-exec-2] INFO  o.s.w.s.DispatcherServlet - [initServletBean,525] - Initializing Servlet 'dispatcherServlet'
22:20:28.945 [http-nio-8080-exec-2] INFO  o.s.w.s.DispatcherServlet - [initServletBean,547] - Completed initialization in 4 ms
22:23:49.693 [SpringApplicationShutdownHook] INFO  o.q.c.QuartzScheduler - [standby,585] - Scheduler quartzScheduler_$_NON_CLUSTERED paused.
22:23:50.619 [SpringApplicationShutdownHook] INFO  o.q.c.QuartzScheduler - [shutdown,666] - Scheduler quartzScheduler_$_NON_CLUSTERED shutting down.
22:23:50.621 [SpringApplicationShutdownHook] INFO  o.q.c.QuartzScheduler - [standby,585] - Scheduler quartzScheduler_$_NON_CLUSTERED paused.
22:23:50.623 [SpringApplicationShutdownHook] INFO  o.q.c.QuartzScheduler - [shutdown,740] - Scheduler quartzScheduler_$_NON_CLUSTERED shutdown complete.
22:23:50.624 [SpringApplicationShutdownHook] INFO  sys-user - [shutdownAsyncManager,28] - ====关闭后台任务任务线程池====
22:23:50.632 [SpringApplicationShutdownHook] INFO  c.a.d.p.DruidDataSource - [close,2051] - {dataSource-1} closing ...
22:23:50.646 [SpringApplicationShutdownHook] INFO  c.a.d.p.DruidDataSource - [close,2124] - {dataSource-1} closed
22:24:03.100 [restartedMain] INFO  c.r.RuoYiApplication - [logStarting,55] - Starting RuoYiApplication using Java 1.8.0_131 on FOXX-LAPTOP with PID 17600 (E:\IDEA-workspace\TheFoxHole\ruoyi-vue-service\ruoyi-admin\target\classes started by snowfox in E:\IDEA-workspace\TheFoxHole)
22:24:03.104 [background-preinit] INFO  o.h.v.i.util.Version - [<clinit>,21] - HV000001: Hibernate Validator 6.2.3.Final
22:24:03.107 [restartedMain] INFO  c.r.RuoYiApplication - [logStartupProfileInfo,686] - The following 1 profile is active: "dev"
22:24:07.230 [restartedMain] INFO  o.a.c.h.Http11NioProtocol - [log,173] - Initializing ProtocolHandler ["http-nio-8080"]
22:24:07.231 [restartedMain] INFO  o.a.c.c.StandardService - [log,173] - Starting service [Tomcat]
22:24:07.231 [restartedMain] INFO  o.a.c.c.StandardEngine - [log,173] - Starting Servlet engine: [Apache Tomcat/9.0.63]
22:24:07.404 [restartedMain] INFO  o.a.c.c.C.[.[.[/ruoyi-vue-service] - [log,173] - Initializing Spring embedded WebApplicationContext
22:24:11.537 [restartedMain] INFO  c.a.d.p.DruidDataSource - [init,972] - {dataSource-1} inited
22:24:14.101 [restartedMain] INFO  o.q.i.StdSchedulerFactory - [instantiate,1220] - Using default implementation for ThreadExecutor
22:24:14.119 [restartedMain] INFO  o.q.c.SchedulerSignalerImpl - [<init>,61] - Initialized Scheduler Signaller of type: class org.quartz.core.SchedulerSignalerImpl
22:24:14.119 [restartedMain] INFO  o.q.c.QuartzScheduler - [<init>,229] - Quartz Scheduler v.2.3.2 created.
22:24:14.120 [restartedMain] INFO  o.q.s.RAMJobStore - [initialize,155] - RAMJobStore initialized.
22:24:14.122 [restartedMain] INFO  o.q.c.QuartzScheduler - [initialize,294] - Scheduler meta-data: Quartz Scheduler (v2.3.2) 'quartzScheduler' with instanceId 'NON_CLUSTERED'
  Scheduler class: 'org.quartz.core.QuartzScheduler' - running locally.
  NOT STARTED.
  Currently in standby mode.
  Number of jobs executed: 0
  Using thread pool 'org.quartz.simpl.SimpleThreadPool' - with 10 threads.
  Using job-store 'org.quartz.simpl.RAMJobStore' - which does not support persistence. and is not clustered.

22:24:14.122 [restartedMain] INFO  o.q.i.StdSchedulerFactory - [instantiate,1374] - Quartz scheduler 'quartzScheduler' initialized from an externally provided properties instance.
22:24:14.123 [restartedMain] INFO  o.q.i.StdSchedulerFactory - [instantiate,1378] - Quartz scheduler version: 2.3.2
22:24:14.123 [restartedMain] INFO  o.q.c.QuartzScheduler - [setJobFactory,2293] - JobFactory set to: org.springframework.scheduling.quartz.SpringBeanJobFactory@64f6b5aa
22:24:16.829 [restartedMain] INFO  o.a.c.h.Http11NioProtocol - [log,173] - Starting ProtocolHandler ["http-nio-8080"]
22:24:17.382 [restartedMain] INFO  o.q.c.QuartzScheduler - [start,547] - Scheduler quartzScheduler_$_NON_CLUSTERED started.
22:24:17.395 [restartedMain] INFO  c.r.RuoYiApplication - [logStarted,61] - Started RuoYiApplication in 15.192 seconds (JVM running for 19.194)
22:24:21.756 [http-nio-8080-exec-2] INFO  o.a.c.c.C.[.[.[/ruoyi-vue-service] - [log,173] - Initializing Spring DispatcherServlet 'dispatcherServlet'
22:24:21.757 [http-nio-8080-exec-2] INFO  o.s.w.s.DispatcherServlet - [initServletBean,525] - Initializing Servlet 'dispatcherServlet'
22:24:21.761 [http-nio-8080-exec-2] INFO  o.s.w.s.DispatcherServlet - [initServletBean,547] - Completed initialization in 3 ms
22:25:09.350 [SpringApplicationShutdownHook] INFO  o.q.c.QuartzScheduler - [standby,585] - Scheduler quartzScheduler_$_NON_CLUSTERED paused.
22:25:09.904 [SpringApplicationShutdownHook] INFO  o.q.c.QuartzScheduler - [shutdown,666] - Scheduler quartzScheduler_$_NON_CLUSTERED shutting down.
22:25:09.904 [SpringApplicationShutdownHook] INFO  o.q.c.QuartzScheduler - [standby,585] - Scheduler quartzScheduler_$_NON_CLUSTERED paused.
22:25:09.905 [SpringApplicationShutdownHook] INFO  o.q.c.QuartzScheduler - [shutdown,740] - Scheduler quartzScheduler_$_NON_CLUSTERED shutdown complete.
22:25:09.905 [SpringApplicationShutdownHook] INFO  sys-user - [shutdownAsyncManager,28] - ====关闭后台任务任务线程池====
22:25:09.909 [SpringApplicationShutdownHook] INFO  c.a.d.p.DruidDataSource - [close,2051] - {dataSource-1} closing ...
22:25:09.918 [SpringApplicationShutdownHook] INFO  c.a.d.p.DruidDataSource - [close,2124] - {dataSource-1} closed
22:25:19.226 [restartedMain] INFO  c.r.RuoYiApplication - [logStarting,55] - Starting RuoYiApplication using Java 1.8.0_131 on FOXX-LAPTOP with PID 17212 (E:\IDEA-workspace\TheFoxHole\ruoyi-vue-service\ruoyi-admin\target\classes started by snowfox in E:\IDEA-workspace\TheFoxHole)
22:25:19.231 [restartedMain] INFO  c.r.RuoYiApplication - [logStartupProfileInfo,686] - The following 1 profile is active: "dev"
22:25:19.239 [background-preinit] INFO  o.h.v.i.util.Version - [<clinit>,21] - HV000001: Hibernate Validator 6.2.3.Final
22:25:22.973 [restartedMain] INFO  o.a.c.h.Http11NioProtocol - [log,173] - Initializing ProtocolHandler ["http-nio-8080"]
22:25:22.974 [restartedMain] INFO  o.a.c.c.StandardService - [log,173] - Starting service [Tomcat]
22:25:22.974 [restartedMain] INFO  o.a.c.c.StandardEngine - [log,173] - Starting Servlet engine: [Apache Tomcat/9.0.63]
22:25:23.178 [restartedMain] INFO  o.a.c.c.C.[.[.[/ruoyi-vue-service] - [log,173] - Initializing Spring embedded WebApplicationContext
22:25:26.857 [restartedMain] INFO  c.a.d.p.DruidDataSource - [init,972] - {dataSource-1} inited
22:25:29.589 [restartedMain] INFO  o.q.i.StdSchedulerFactory - [instantiate,1220] - Using default implementation for ThreadExecutor
22:25:29.608 [restartedMain] INFO  o.q.c.SchedulerSignalerImpl - [<init>,61] - Initialized Scheduler Signaller of type: class org.quartz.core.SchedulerSignalerImpl
22:25:29.608 [restartedMain] INFO  o.q.c.QuartzScheduler - [<init>,229] - Quartz Scheduler v.2.3.2 created.
22:25:29.610 [restartedMain] INFO  o.q.s.RAMJobStore - [initialize,155] - RAMJobStore initialized.
22:25:29.611 [restartedMain] INFO  o.q.c.QuartzScheduler - [initialize,294] - Scheduler meta-data: Quartz Scheduler (v2.3.2) 'quartzScheduler' with instanceId 'NON_CLUSTERED'
  Scheduler class: 'org.quartz.core.QuartzScheduler' - running locally.
  NOT STARTED.
  Currently in standby mode.
  Number of jobs executed: 0
  Using thread pool 'org.quartz.simpl.SimpleThreadPool' - with 10 threads.
  Using job-store 'org.quartz.simpl.RAMJobStore' - which does not support persistence. and is not clustered.

22:25:29.612 [restartedMain] INFO  o.q.i.StdSchedulerFactory - [instantiate,1374] - Quartz scheduler 'quartzScheduler' initialized from an externally provided properties instance.
22:25:29.612 [restartedMain] INFO  o.q.i.StdSchedulerFactory - [instantiate,1378] - Quartz scheduler version: 2.3.2
22:25:29.612 [restartedMain] INFO  o.q.c.QuartzScheduler - [setJobFactory,2293] - JobFactory set to: org.springframework.scheduling.quartz.SpringBeanJobFactory@5a5df386
22:25:31.946 [restartedMain] INFO  o.a.c.h.Http11NioProtocol - [log,173] - Starting ProtocolHandler ["http-nio-8080"]
22:25:32.475 [restartedMain] INFO  o.q.c.QuartzScheduler - [start,547] - Scheduler quartzScheduler_$_NON_CLUSTERED started.
22:25:32.489 [restartedMain] INFO  c.r.RuoYiApplication - [logStarted,61] - Started RuoYiApplication in 13.847 seconds (JVM running for 16.611)
22:25:36.868 [http-nio-8080-exec-2] INFO  o.a.c.c.C.[.[.[/ruoyi-vue-service] - [log,173] - Initializing Spring DispatcherServlet 'dispatcherServlet'
22:25:36.868 [http-nio-8080-exec-2] INFO  o.s.w.s.DispatcherServlet - [initServletBean,525] - Initializing Servlet 'dispatcherServlet'
22:25:36.873 [http-nio-8080-exec-2] INFO  o.s.w.s.DispatcherServlet - [initServletBean,547] - Completed initialization in 5 ms
22:30:35.340 [SpringApplicationShutdownHook] INFO  o.q.c.QuartzScheduler - [standby,585] - Scheduler quartzScheduler_$_NON_CLUSTERED paused.
22:30:35.926 [SpringApplicationShutdownHook] INFO  o.q.c.QuartzScheduler - [shutdown,666] - Scheduler quartzScheduler_$_NON_CLUSTERED shutting down.
22:30:35.926 [SpringApplicationShutdownHook] INFO  o.q.c.QuartzScheduler - [standby,585] - Scheduler quartzScheduler_$_NON_CLUSTERED paused.
22:30:35.927 [SpringApplicationShutdownHook] INFO  o.q.c.QuartzScheduler - [shutdown,740] - Scheduler quartzScheduler_$_NON_CLUSTERED shutdown complete.
22:30:35.927 [SpringApplicationShutdownHook] INFO  sys-user - [shutdownAsyncManager,28] - ====关闭后台任务任务线程池====
22:30:35.933 [SpringApplicationShutdownHook] INFO  c.a.d.p.DruidDataSource - [close,2051] - {dataSource-1} closing ...
22:30:35.940 [SpringApplicationShutdownHook] INFO  c.a.d.p.DruidDataSource - [close,2124] - {dataSource-1} closed
22:30:45.338 [background-preinit] INFO  o.h.v.i.util.Version - [<clinit>,21] - HV000001: Hibernate Validator 6.2.3.Final
22:30:45.341 [restartedMain] INFO  c.r.RuoYiApplication - [logStarting,55] - Starting RuoYiApplication using Java 1.8.0_131 on FOXX-LAPTOP with PID 19536 (E:\IDEA-workspace\TheFoxHole\ruoyi-vue-service\ruoyi-admin\target\classes started by snowfox in E:\IDEA-workspace\TheFoxHole)
22:30:45.344 [restartedMain] INFO  c.r.RuoYiApplication - [logStartupProfileInfo,686] - The following 1 profile is active: "dev"
22:30:48.815 [restartedMain] INFO  o.a.c.h.Http11NioProtocol - [log,173] - Initializing ProtocolHandler ["http-nio-8080"]
22:30:48.816 [restartedMain] INFO  o.a.c.c.StandardService - [log,173] - Starting service [Tomcat]
22:30:48.817 [restartedMain] INFO  o.a.c.c.StandardEngine - [log,173] - Starting Servlet engine: [Apache Tomcat/9.0.63]
22:30:48.978 [restartedMain] INFO  o.a.c.c.C.[.[.[/ruoyi-vue-service] - [log,173] - Initializing Spring embedded WebApplicationContext
22:30:52.531 [restartedMain] INFO  c.a.d.p.DruidDataSource - [init,972] - {dataSource-1} inited
22:30:55.052 [restartedMain] INFO  o.q.i.StdSchedulerFactory - [instantiate,1220] - Using default implementation for ThreadExecutor
22:30:55.070 [restartedMain] INFO  o.q.c.SchedulerSignalerImpl - [<init>,61] - Initialized Scheduler Signaller of type: class org.quartz.core.SchedulerSignalerImpl
22:30:55.071 [restartedMain] INFO  o.q.c.QuartzScheduler - [<init>,229] - Quartz Scheduler v.2.3.2 created.
22:30:55.072 [restartedMain] INFO  o.q.s.RAMJobStore - [initialize,155] - RAMJobStore initialized.
22:30:55.073 [restartedMain] INFO  o.q.c.QuartzScheduler - [initialize,294] - Scheduler meta-data: Quartz Scheduler (v2.3.2) 'quartzScheduler' with instanceId 'NON_CLUSTERED'
  Scheduler class: 'org.quartz.core.QuartzScheduler' - running locally.
  NOT STARTED.
  Currently in standby mode.
  Number of jobs executed: 0
  Using thread pool 'org.quartz.simpl.SimpleThreadPool' - with 10 threads.
  Using job-store 'org.quartz.simpl.RAMJobStore' - which does not support persistence. and is not clustered.

22:30:55.073 [restartedMain] INFO  o.q.i.StdSchedulerFactory - [instantiate,1374] - Quartz scheduler 'quartzScheduler' initialized from an externally provided properties instance.
22:30:55.074 [restartedMain] INFO  o.q.i.StdSchedulerFactory - [instantiate,1378] - Quartz scheduler version: 2.3.2
22:30:55.074 [restartedMain] INFO  o.q.c.QuartzScheduler - [setJobFactory,2293] - JobFactory set to: org.springframework.scheduling.quartz.SpringBeanJobFactory@2bf1450b
22:30:57.319 [restartedMain] INFO  o.a.c.h.Http11NioProtocol - [log,173] - Starting ProtocolHandler ["http-nio-8080"]
22:30:57.817 [restartedMain] INFO  o.q.c.QuartzScheduler - [start,547] - Scheduler quartzScheduler_$_NON_CLUSTERED started.
22:30:57.833 [restartedMain] INFO  c.r.RuoYiApplication - [logStarted,61] - Started RuoYiApplication in 13.12 seconds (JVM running for 15.468)
22:31:13.635 [http-nio-8080-exec-1] INFO  o.a.c.c.C.[.[.[/ruoyi-vue-service] - [log,173] - Initializing Spring DispatcherServlet 'dispatcherServlet'
22:31:13.636 [http-nio-8080-exec-1] INFO  o.s.w.s.DispatcherServlet - [initServletBean,525] - Initializing Servlet 'dispatcherServlet'
22:31:13.640 [http-nio-8080-exec-1] INFO  o.s.w.s.DispatcherServlet - [initServletBean,547] - Completed initialization in 4 ms
22:45:36.024 [SpringApplicationShutdownHook] INFO  o.q.c.QuartzScheduler - [standby,585] - Scheduler quartzScheduler_$_NON_CLUSTERED paused.
22:45:37.045 [SpringApplicationShutdownHook] INFO  o.q.c.QuartzScheduler - [shutdown,666] - Scheduler quartzScheduler_$_NON_CLUSTERED shutting down.
22:45:37.046 [SpringApplicationShutdownHook] INFO  o.q.c.QuartzScheduler - [standby,585] - Scheduler quartzScheduler_$_NON_CLUSTERED paused.
22:45:37.047 [SpringApplicationShutdownHook] INFO  o.q.c.QuartzScheduler - [shutdown,740] - Scheduler quartzScheduler_$_NON_CLUSTERED shutdown complete.
22:45:37.047 [SpringApplicationShutdownHook] INFO  sys-user - [shutdownAsyncManager,28] - ====关闭后台任务任务线程池====
22:45:37.056 [SpringApplicationShutdownHook] INFO  c.a.d.p.DruidDataSource - [close,2051] - {dataSource-1} closing ...
22:45:37.069 [SpringApplicationShutdownHook] INFO  c.a.d.p.DruidDataSource - [close,2124] - {dataSource-1} closed
22:45:49.760 [background-preinit] INFO  o.h.v.i.util.Version - [<clinit>,21] - HV000001: Hibernate Validator 6.2.3.Final
22:45:49.761 [restartedMain] INFO  c.r.RuoYiApplication - [logStarting,55] - Starting RuoYiApplication using Java 1.8.0_131 on FOXX-LAPTOP with PID 9360 (E:\IDEA-workspace\TheFoxHole\ruoyi-vue-service\ruoyi-admin\target\classes started by snowfox in E:\IDEA-workspace\TheFoxHole)
22:45:49.765 [restartedMain] INFO  c.r.RuoYiApplication - [logStartupProfileInfo,686] - The following 1 profile is active: "dev"
22:45:53.926 [restartedMain] INFO  o.a.c.h.Http11NioProtocol - [log,173] - Initializing ProtocolHandler ["http-nio-8080"]
22:45:53.927 [restartedMain] INFO  o.a.c.c.StandardService - [log,173] - Starting service [Tomcat]
22:45:53.927 [restartedMain] INFO  o.a.c.c.StandardEngine - [log,173] - Starting Servlet engine: [Apache Tomcat/9.0.63]
22:45:54.122 [restartedMain] INFO  o.a.c.c.C.[.[.[/ruoyi-vue-service] - [log,173] - Initializing Spring embedded WebApplicationContext
22:45:58.569 [restartedMain] INFO  c.a.d.p.DruidDataSource - [init,972] - {dataSource-1} inited
22:46:01.115 [restartedMain] INFO  o.q.i.StdSchedulerFactory - [instantiate,1220] - Using default implementation for ThreadExecutor
22:46:01.173 [restartedMain] INFO  o.q.c.SchedulerSignalerImpl - [<init>,61] - Initialized Scheduler Signaller of type: class org.quartz.core.SchedulerSignalerImpl
22:46:01.175 [restartedMain] INFO  o.q.c.QuartzScheduler - [<init>,229] - Quartz Scheduler v.2.3.2 created.
22:46:01.178 [restartedMain] INFO  o.q.s.RAMJobStore - [initialize,155] - RAMJobStore initialized.
22:46:01.179 [restartedMain] INFO  o.q.c.QuartzScheduler - [initialize,294] - Scheduler meta-data: Quartz Scheduler (v2.3.2) 'quartzScheduler' with instanceId 'NON_CLUSTERED'
  Scheduler class: 'org.quartz.core.QuartzScheduler' - running locally.
  NOT STARTED.
  Currently in standby mode.
  Number of jobs executed: 0
  Using thread pool 'org.quartz.simpl.SimpleThreadPool' - with 10 threads.
  Using job-store 'org.quartz.simpl.RAMJobStore' - which does not support persistence. and is not clustered.

22:46:01.181 [restartedMain] INFO  o.q.i.StdSchedulerFactory - [instantiate,1374] - Quartz scheduler 'quartzScheduler' initialized from an externally provided properties instance.
22:46:01.181 [restartedMain] INFO  o.q.i.StdSchedulerFactory - [instantiate,1378] - Quartz scheduler version: 2.3.2
22:46:01.182 [restartedMain] INFO  o.q.c.QuartzScheduler - [setJobFactory,2293] - JobFactory set to: org.springframework.scheduling.quartz.SpringBeanJobFactory@53ff83a9
22:46:05.279 [restartedMain] INFO  o.a.c.h.Http11NioProtocol - [log,173] - Starting ProtocolHandler ["http-nio-8080"]
22:46:06.216 [restartedMain] INFO  o.q.c.QuartzScheduler - [start,547] - Scheduler quartzScheduler_$_NON_CLUSTERED started.
22:46:06.234 [restartedMain] INFO  c.r.RuoYiApplication - [logStarted,61] - Started RuoYiApplication in 17.097 seconds (JVM running for 20.435)
22:46:10.639 [SpringApplicationShutdownHook] INFO  o.q.c.QuartzScheduler - [standby,585] - Scheduler quartzScheduler_$_NON_CLUSTERED paused.
22:46:11.537 [SpringApplicationShutdownHook] INFO  o.q.c.QuartzScheduler - [shutdown,666] - Scheduler quartzScheduler_$_NON_CLUSTERED shutting down.
22:46:11.537 [SpringApplicationShutdownHook] INFO  o.q.c.QuartzScheduler - [standby,585] - Scheduler quartzScheduler_$_NON_CLUSTERED paused.
22:46:11.537 [SpringApplicationShutdownHook] INFO  o.q.c.QuartzScheduler - [shutdown,740] - Scheduler quartzScheduler_$_NON_CLUSTERED shutdown complete.
22:46:11.537 [SpringApplicationShutdownHook] INFO  sys-user - [shutdownAsyncManager,28] - ====关闭后台任务任务线程池====
22:46:11.541 [SpringApplicationShutdownHook] INFO  c.a.d.p.DruidDataSource - [close,2051] - {dataSource-1} closing ...
22:46:11.550 [SpringApplicationShutdownHook] INFO  c.a.d.p.DruidDataSource - [close,2124] - {dataSource-1} closed
22:46:21.126 [background-preinit] INFO  o.h.v.i.util.Version - [<clinit>,21] - HV000001: Hibernate Validator 6.2.3.Final
22:46:21.126 [restartedMain] INFO  c.r.RuoYiApplication - [logStarting,55] - Starting RuoYiApplication using Java 1.8.0_131 on FOXX-LAPTOP with PID 12584 (E:\IDEA-workspace\TheFoxHole\ruoyi-vue-service\ruoyi-admin\target\classes started by snowfox in E:\IDEA-workspace\TheFoxHole)
22:46:21.131 [restartedMain] INFO  c.r.RuoYiApplication - [logStartupProfileInfo,686] - The following 1 profile is active: "dev"
22:46:24.538 [restartedMain] INFO  o.a.c.h.Http11NioProtocol - [log,173] - Initializing ProtocolHandler ["http-nio-8080"]
22:46:24.539 [restartedMain] INFO  o.a.c.c.StandardService - [log,173] - Starting service [Tomcat]
22:46:24.539 [restartedMain] INFO  o.a.c.c.StandardEngine - [log,173] - Starting Servlet engine: [Apache Tomcat/9.0.63]
22:46:24.714 [restartedMain] INFO  o.a.c.c.C.[.[.[/ruoyi-vue-service] - [log,173] - Initializing Spring embedded WebApplicationContext
22:46:28.043 [restartedMain] INFO  c.a.d.p.DruidDataSource - [init,972] - {dataSource-1} inited
22:46:30.449 [restartedMain] INFO  o.q.i.StdSchedulerFactory - [instantiate,1220] - Using default implementation for ThreadExecutor
22:46:30.465 [restartedMain] INFO  o.q.c.SchedulerSignalerImpl - [<init>,61] - Initialized Scheduler Signaller of type: class org.quartz.core.SchedulerSignalerImpl
22:46:30.466 [restartedMain] INFO  o.q.c.QuartzScheduler - [<init>,229] - Quartz Scheduler v.2.3.2 created.
22:46:30.467 [restartedMain] INFO  o.q.s.RAMJobStore - [initialize,155] - RAMJobStore initialized.
22:46:30.468 [restartedMain] INFO  o.q.c.QuartzScheduler - [initialize,294] - Scheduler meta-data: Quartz Scheduler (v2.3.2) 'quartzScheduler' with instanceId 'NON_CLUSTERED'
  Scheduler class: 'org.quartz.core.QuartzScheduler' - running locally.
  NOT STARTED.
  Currently in standby mode.
  Number of jobs executed: 0
  Using thread pool 'org.quartz.simpl.SimpleThreadPool' - with 10 threads.
  Using job-store 'org.quartz.simpl.RAMJobStore' - which does not support persistence. and is not clustered.

22:46:30.468 [restartedMain] INFO  o.q.i.StdSchedulerFactory - [instantiate,1374] - Quartz scheduler 'quartzScheduler' initialized from an externally provided properties instance.
22:46:30.469 [restartedMain] INFO  o.q.i.StdSchedulerFactory - [instantiate,1378] - Quartz scheduler version: 2.3.2
22:46:30.469 [restartedMain] INFO  o.q.c.QuartzScheduler - [setJobFactory,2293] - JobFactory set to: org.springframework.scheduling.quartz.SpringBeanJobFactory@1e4156
22:46:32.682 [restartedMain] INFO  o.a.c.h.Http11NioProtocol - [log,173] - Starting ProtocolHandler ["http-nio-8080"]
22:46:33.165 [restartedMain] INFO  o.q.c.QuartzScheduler - [start,547] - Scheduler quartzScheduler_$_NON_CLUSTERED started.
22:46:33.183 [restartedMain] INFO  c.r.RuoYiApplication - [logStarted,61] - Started RuoYiApplication in 12.797 seconds (JVM running for 15.19)
22:46:43.448 [http-nio-8080-exec-1] INFO  o.a.c.c.C.[.[.[/ruoyi-vue-service] - [log,173] - Initializing Spring DispatcherServlet 'dispatcherServlet'
22:46:43.449 [http-nio-8080-exec-1] INFO  o.s.w.s.DispatcherServlet - [initServletBean,525] - Initializing Servlet 'dispatcherServlet'
22:46:43.454 [http-nio-8080-exec-1] INFO  o.s.w.s.DispatcherServlet - [initServletBean,547] - Completed initialization in 5 ms
22:46:59.813 [SpringApplicationShutdownHook] INFO  o.q.c.QuartzScheduler - [standby,585] - Scheduler quartzScheduler_$_NON_CLUSTERED paused.
22:47:00.408 [SpringApplicationShutdownHook] INFO  o.q.c.QuartzScheduler - [shutdown,666] - Scheduler quartzScheduler_$_NON_CLUSTERED shutting down.
22:47:00.408 [SpringApplicationShutdownHook] INFO  o.q.c.QuartzScheduler - [standby,585] - Scheduler quartzScheduler_$_NON_CLUSTERED paused.
22:47:00.408 [SpringApplicationShutdownHook] INFO  o.q.c.QuartzScheduler - [shutdown,740] - Scheduler quartzScheduler_$_NON_CLUSTERED shutdown complete.
22:47:00.409 [SpringApplicationShutdownHook] INFO  sys-user - [shutdownAsyncManager,28] - ====关闭后台任务任务线程池====
22:47:00.414 [SpringApplicationShutdownHook] INFO  c.a.d.p.DruidDataSource - [close,2051] - {dataSource-1} closing ...
22:47:00.421 [SpringApplicationShutdownHook] INFO  c.a.d.p.DruidDataSource - [close,2124] - {dataSource-1} closed
22:47:12.587 [restartedMain] INFO  c.r.RuoYiApplication - [logStarting,55] - Starting RuoYiApplication using Java 1.8.0_131 on FOXX-LAPTOP with PID 18172 (E:\IDEA-workspace\TheFoxHole\ruoyi-vue-service\ruoyi-admin\target\classes started by snowfox in E:\IDEA-workspace\TheFoxHole)
22:47:12.602 [background-preinit] INFO  o.h.v.i.util.Version - [<clinit>,21] - HV000001: Hibernate Validator 6.2.3.Final
22:47:12.603 [restartedMain] INFO  c.r.RuoYiApplication - [logStartupProfileInfo,686] - The following 1 profile is active: "dev"
22:47:16.963 [restartedMain] INFO  o.a.c.h.Http11NioProtocol - [log,173] - Initializing ProtocolHandler ["http-nio-8080"]
22:47:16.964 [restartedMain] INFO  o.a.c.c.StandardService - [log,173] - Starting service [Tomcat]
22:47:16.964 [restartedMain] INFO  o.a.c.c.StandardEngine - [log,173] - Starting Servlet engine: [Apache Tomcat/9.0.63]
22:47:17.129 [restartedMain] INFO  o.a.c.c.C.[.[.[/ruoyi-vue-service] - [log,173] - Initializing Spring embedded WebApplicationContext
22:47:21.516 [restartedMain] INFO  c.a.d.p.DruidDataSource - [init,972] - {dataSource-1} inited
22:47:25.037 [restartedMain] INFO  o.q.i.StdSchedulerFactory - [instantiate,1220] - Using default implementation for ThreadExecutor
22:47:25.055 [restartedMain] INFO  o.q.c.SchedulerSignalerImpl - [<init>,61] - Initialized Scheduler Signaller of type: class org.quartz.core.SchedulerSignalerImpl
22:47:25.056 [restartedMain] INFO  o.q.c.QuartzScheduler - [<init>,229] - Quartz Scheduler v.2.3.2 created.
22:47:25.058 [restartedMain] INFO  o.q.s.RAMJobStore - [initialize,155] - RAMJobStore initialized.
22:47:25.060 [restartedMain] INFO  o.q.c.QuartzScheduler - [initialize,294] - Scheduler meta-data: Quartz Scheduler (v2.3.2) 'quartzScheduler' with instanceId 'NON_CLUSTERED'
  Scheduler class: 'org.quartz.core.QuartzScheduler' - running locally.
  NOT STARTED.
  Currently in standby mode.
  Number of jobs executed: 0
  Using thread pool 'org.quartz.simpl.SimpleThreadPool' - with 10 threads.
  Using job-store 'org.quartz.simpl.RAMJobStore' - which does not support persistence. and is not clustered.

22:47:25.060 [restartedMain] INFO  o.q.i.StdSchedulerFactory - [instantiate,1374] - Quartz scheduler 'quartzScheduler' initialized from an externally provided properties instance.
22:47:25.060 [restartedMain] INFO  o.q.i.StdSchedulerFactory - [instantiate,1378] - Quartz scheduler version: 2.3.2
22:47:25.060 [restartedMain] INFO  o.q.c.QuartzScheduler - [setJobFactory,2293] - JobFactory set to: org.springframework.scheduling.quartz.SpringBeanJobFactory@62dfaa86
22:47:29.708 [restartedMain] INFO  o.a.c.h.Http11NioProtocol - [log,173] - Starting ProtocolHandler ["http-nio-8080"]
22:47:30.560 [restartedMain] INFO  o.q.c.QuartzScheduler - [start,547] - Scheduler quartzScheduler_$_NON_CLUSTERED started.
22:47:30.577 [restartedMain] INFO  c.r.RuoYiApplication - [logStarted,61] - Started RuoYiApplication in 18.928 seconds (JVM running for 22.507)
22:47:36.415 [http-nio-8080-exec-1] INFO  o.a.c.c.C.[.[.[/ruoyi-vue-service] - [log,173] - Initializing Spring DispatcherServlet 'dispatcherServlet'
22:47:36.415 [http-nio-8080-exec-1] INFO  o.s.w.s.DispatcherServlet - [initServletBean,525] - Initializing Servlet 'dispatcherServlet'
22:47:36.421 [http-nio-8080-exec-1] INFO  o.s.w.s.DispatcherServlet - [initServletBean,547] - Completed initialization in 5 ms
22:48:02.769 [SpringApplicationShutdownHook] INFO  o.q.c.QuartzScheduler - [standby,585] - Scheduler quartzScheduler_$_NON_CLUSTERED paused.
22:48:03.402 [SpringApplicationShutdownHook] INFO  o.q.c.QuartzScheduler - [shutdown,666] - Scheduler quartzScheduler_$_NON_CLUSTERED shutting down.
22:48:03.402 [SpringApplicationShutdownHook] INFO  o.q.c.QuartzScheduler - [standby,585] - Scheduler quartzScheduler_$_NON_CLUSTERED paused.
22:48:03.403 [SpringApplicationShutdownHook] INFO  o.q.c.QuartzScheduler - [shutdown,740] - Scheduler quartzScheduler_$_NON_CLUSTERED shutdown complete.
22:48:03.403 [SpringApplicationShutdownHook] INFO  sys-user - [shutdownAsyncManager,28] - ====关闭后台任务任务线程池====
22:48:03.407 [SpringApplicationShutdownHook] INFO  c.a.d.p.DruidDataSource - [close,2051] - {dataSource-1} closing ...
22:48:03.412 [SpringApplicationShutdownHook] INFO  c.a.d.p.DruidDataSource - [close,2124] - {dataSource-1} closed
22:48:14.207 [background-preinit] INFO  o.h.v.i.util.Version - [<clinit>,21] - HV000001: Hibernate Validator 6.2.3.Final
22:48:14.207 [restartedMain] INFO  c.r.RuoYiApplication - [logStarting,55] - Starting RuoYiApplication using Java 1.8.0_131 on FOXX-LAPTOP with PID 12640 (E:\IDEA-workspace\TheFoxHole\ruoyi-vue-service\ruoyi-admin\target\classes started by snowfox in E:\IDEA-workspace\TheFoxHole)
22:48:14.213 [restartedMain] INFO  c.r.RuoYiApplication - [logStartupProfileInfo,686] - The following 1 profile is active: "dev"
22:48:18.665 [restartedMain] INFO  o.a.c.h.Http11NioProtocol - [log,173] - Initializing ProtocolHandler ["http-nio-8080"]
22:48:18.667 [restartedMain] INFO  o.a.c.c.StandardService - [log,173] - Starting service [Tomcat]
22:48:18.667 [restartedMain] INFO  o.a.c.c.StandardEngine - [log,173] - Starting Servlet engine: [Apache Tomcat/9.0.63]
22:48:18.866 [restartedMain] INFO  o.a.c.c.C.[.[.[/ruoyi-vue-service] - [log,173] - Initializing Spring embedded WebApplicationContext
22:48:22.887 [restartedMain] INFO  c.a.d.p.DruidDataSource - [init,972] - {dataSource-1} inited
22:48:26.069 [restartedMain] INFO  o.q.i.StdSchedulerFactory - [instantiate,1220] - Using default implementation for ThreadExecutor
22:48:26.094 [restartedMain] INFO  o.q.c.SchedulerSignalerImpl - [<init>,61] - Initialized Scheduler Signaller of type: class org.quartz.core.SchedulerSignalerImpl
22:48:26.095 [restartedMain] INFO  o.q.c.QuartzScheduler - [<init>,229] - Quartz Scheduler v.2.3.2 created.
22:48:26.097 [restartedMain] INFO  o.q.s.RAMJobStore - [initialize,155] - RAMJobStore initialized.
22:48:26.098 [restartedMain] INFO  o.q.c.QuartzScheduler - [initialize,294] - Scheduler meta-data: Quartz Scheduler (v2.3.2) 'quartzScheduler' with instanceId 'NON_CLUSTERED'
  Scheduler class: 'org.quartz.core.QuartzScheduler' - running locally.
  NOT STARTED.
  Currently in standby mode.
  Number of jobs executed: 0
  Using thread pool 'org.quartz.simpl.SimpleThreadPool' - with 10 threads.
  Using job-store 'org.quartz.simpl.RAMJobStore' - which does not support persistence. and is not clustered.

22:48:26.099 [restartedMain] INFO  o.q.i.StdSchedulerFactory - [instantiate,1374] - Quartz scheduler 'quartzScheduler' initialized from an externally provided properties instance.
22:48:26.099 [restartedMain] INFO  o.q.i.StdSchedulerFactory - [instantiate,1378] - Quartz scheduler version: 2.3.2
22:48:26.099 [restartedMain] INFO  o.q.c.QuartzScheduler - [setJobFactory,2293] - JobFactory set to: org.springframework.scheduling.quartz.SpringBeanJobFactory@39c14f03
22:48:29.378 [restartedMain] INFO  o.a.c.h.Http11NioProtocol - [log,173] - Starting ProtocolHandler ["http-nio-8080"]
22:48:29.962 [restartedMain] INFO  o.q.c.QuartzScheduler - [start,547] - Scheduler quartzScheduler_$_NON_CLUSTERED started.
22:48:29.977 [restartedMain] INFO  c.r.RuoYiApplication - [logStarted,61] - Started RuoYiApplication in 16.518 seconds (JVM running for 19.358)
22:48:35.115 [http-nio-8080-exec-2] INFO  o.a.c.c.C.[.[.[/ruoyi-vue-service] - [log,173] - Initializing Spring DispatcherServlet 'dispatcherServlet'
22:48:35.115 [http-nio-8080-exec-2] INFO  o.s.w.s.DispatcherServlet - [initServletBean,525] - Initializing Servlet 'dispatcherServlet'
22:48:35.119 [http-nio-8080-exec-2] INFO  o.s.w.s.DispatcherServlet - [initServletBean,547] - Completed initialization in 3 ms
23:04:34.830 [SpringApplicationShutdownHook] INFO  o.q.c.QuartzScheduler - [standby,585] - Scheduler quartzScheduler_$_NON_CLUSTERED paused.
23:04:35.334 [SpringApplicationShutdownHook] INFO  o.q.c.QuartzScheduler - [shutdown,666] - Scheduler quartzScheduler_$_NON_CLUSTERED shutting down.
23:04:35.334 [SpringApplicationShutdownHook] INFO  o.q.c.QuartzScheduler - [standby,585] - Scheduler quartzScheduler_$_NON_CLUSTERED paused.
23:04:35.335 [SpringApplicationShutdownHook] INFO  o.q.c.QuartzScheduler - [shutdown,740] - Scheduler quartzScheduler_$_NON_CLUSTERED shutdown complete.
23:04:35.335 [SpringApplicationShutdownHook] INFO  sys-user - [shutdownAsyncManager,28] - ====关闭后台任务任务线程池====
23:04:35.343 [SpringApplicationShutdownHook] INFO  c.a.d.p.DruidDataSource - [close,2051] - {dataSource-1} closing ...
23:04:35.345 [SpringApplicationShutdownHook] INFO  c.a.d.p.DruidDataSource - [close,2124] - {dataSource-1} closed
23:04:44.939 [background-preinit] INFO  o.h.v.i.util.Version - [<clinit>,21] - HV000001: Hibernate Validator 6.2.3.Final
23:04:44.941 [restartedMain] INFO  c.r.RuoYiApplication - [logStarting,55] - Starting RuoYiApplication using Java 1.8.0_131 on FOXX-LAPTOP with PID 16028 (E:\IDEA-workspace\TheFoxHole\ruoyi-vue-service\ruoyi-admin\target\classes started by snowfox in E:\IDEA-workspace\TheFoxHole)
23:04:44.945 [restartedMain] INFO  c.r.RuoYiApplication - [logStartupProfileInfo,686] - The following 1 profile is active: "dev"
23:04:48.427 [restartedMain] INFO  o.a.c.h.Http11NioProtocol - [log,173] - Initializing ProtocolHandler ["http-nio-8080"]
23:04:48.428 [restartedMain] INFO  o.a.c.c.StandardService - [log,173] - Starting service [Tomcat]
23:04:48.428 [restartedMain] INFO  o.a.c.c.StandardEngine - [log,173] - Starting Servlet engine: [Apache Tomcat/9.0.63]
23:04:48.602 [restartedMain] INFO  o.a.c.c.C.[.[.[/ruoyi-vue-service] - [log,173] - Initializing Spring embedded WebApplicationContext
23:04:52.020 [restartedMain] INFO  c.a.d.p.DruidDataSource - [init,972] - {dataSource-1} inited
23:04:54.478 [restartedMain] INFO  o.q.i.StdSchedulerFactory - [instantiate,1220] - Using default implementation for ThreadExecutor
23:04:54.496 [restartedMain] INFO  o.q.c.SchedulerSignalerImpl - [<init>,61] - Initialized Scheduler Signaller of type: class org.quartz.core.SchedulerSignalerImpl
23:04:54.496 [restartedMain] INFO  o.q.c.QuartzScheduler - [<init>,229] - Quartz Scheduler v.2.3.2 created.
23:04:54.498 [restartedMain] INFO  o.q.s.RAMJobStore - [initialize,155] - RAMJobStore initialized.
23:04:54.499 [restartedMain] INFO  o.q.c.QuartzScheduler - [initialize,294] - Scheduler meta-data: Quartz Scheduler (v2.3.2) 'quartzScheduler' with instanceId 'NON_CLUSTERED'
  Scheduler class: 'org.quartz.core.QuartzScheduler' - running locally.
  NOT STARTED.
  Currently in standby mode.
  Number of jobs executed: 0
  Using thread pool 'org.quartz.simpl.SimpleThreadPool' - with 10 threads.
  Using job-store 'org.quartz.simpl.RAMJobStore' - which does not support persistence. and is not clustered.

23:04:54.500 [restartedMain] INFO  o.q.i.StdSchedulerFactory - [instantiate,1374] - Quartz scheduler 'quartzScheduler' initialized from an externally provided properties instance.
23:04:54.500 [restartedMain] INFO  o.q.i.StdSchedulerFactory - [instantiate,1378] - Quartz scheduler version: 2.3.2
23:04:54.500 [restartedMain] INFO  o.q.c.QuartzScheduler - [setJobFactory,2293] - JobFactory set to: org.springframework.scheduling.quartz.SpringBeanJobFactory@56171543
23:04:57.176 [restartedMain] INFO  o.a.c.h.Http11NioProtocol - [log,173] - Starting ProtocolHandler ["http-nio-8080"]
23:04:57.765 [restartedMain] INFO  o.q.c.QuartzScheduler - [start,547] - Scheduler quartzScheduler_$_NON_CLUSTERED started.
23:04:57.776 [restartedMain] INFO  c.r.RuoYiApplication - [logStarted,61] - Started RuoYiApplication in 13.441 seconds (JVM running for 16.054)
23:05:14.858 [http-nio-8080-exec-2] INFO  o.a.c.c.C.[.[.[/ruoyi-vue-service] - [log,173] - Initializing Spring DispatcherServlet 'dispatcherServlet'
23:05:14.859 [http-nio-8080-exec-2] INFO  o.s.w.s.DispatcherServlet - [initServletBean,525] - Initializing Servlet 'dispatcherServlet'
23:05:14.864 [http-nio-8080-exec-2] INFO  o.s.w.s.DispatcherServlet - [initServletBean,547] - Completed initialization in 5 ms
23:06:56.684 [SpringApplicationShutdownHook] INFO  o.q.c.QuartzScheduler - [standby,585] - Scheduler quartzScheduler_$_NON_CLUSTERED paused.
23:06:57.384 [SpringApplicationShutdownHook] INFO  o.q.c.QuartzScheduler - [shutdown,666] - Scheduler quartzScheduler_$_NON_CLUSTERED shutting down.
23:06:57.384 [SpringApplicationShutdownHook] INFO  o.q.c.QuartzScheduler - [standby,585] - Scheduler quartzScheduler_$_NON_CLUSTERED paused.
23:06:57.384 [SpringApplicationShutdownHook] INFO  o.q.c.QuartzScheduler - [shutdown,740] - Scheduler quartzScheduler_$_NON_CLUSTERED shutdown complete.
23:06:57.386 [SpringApplicationShutdownHook] INFO  sys-user - [shutdownAsyncManager,28] - ====关闭后台任务任务线程池====
23:06:57.391 [SpringApplicationShutdownHook] INFO  c.a.d.p.DruidDataSource - [close,2051] - {dataSource-1} closing ...
23:06:57.398 [SpringApplicationShutdownHook] INFO  c.a.d.p.DruidDataSource - [close,2124] - {dataSource-1} closed
23:07:10.961 [restartedMain] INFO  c.r.RuoYiApplication - [logStarting,55] - Starting RuoYiApplication using Java 1.8.0_131 on FOXX-LAPTOP with PID 20440 (E:\IDEA-workspace\TheFoxHole\ruoyi-vue-service\ruoyi-admin\target\classes started by snowfox in E:\IDEA-workspace\TheFoxHole)
23:07:10.960 [background-preinit] INFO  o.h.v.i.util.Version - [<clinit>,21] - HV000001: Hibernate Validator 6.2.3.Final
23:07:10.964 [restartedMain] INFO  c.r.RuoYiApplication - [logStartupProfileInfo,686] - The following 1 profile is active: "dev"
23:07:14.647 [restartedMain] INFO  o.a.c.h.Http11NioProtocol - [log,173] - Initializing ProtocolHandler ["http-nio-8080"]
23:07:14.648 [restartedMain] INFO  o.a.c.c.StandardService - [log,173] - Starting service [Tomcat]
23:07:14.649 [restartedMain] INFO  o.a.c.c.StandardEngine - [log,173] - Starting Servlet engine: [Apache Tomcat/9.0.63]
23:07:14.804 [restartedMain] INFO  o.a.c.c.C.[.[.[/ruoyi-vue-service] - [log,173] - Initializing Spring embedded WebApplicationContext
23:07:18.323 [restartedMain] INFO  c.a.d.p.DruidDataSource - [init,972] - {dataSource-1} inited
23:07:20.902 [restartedMain] INFO  o.q.i.StdSchedulerFactory - [instantiate,1220] - Using default implementation for ThreadExecutor
23:07:20.918 [restartedMain] INFO  o.q.c.SchedulerSignalerImpl - [<init>,61] - Initialized Scheduler Signaller of type: class org.quartz.core.SchedulerSignalerImpl
23:07:20.919 [restartedMain] INFO  o.q.c.QuartzScheduler - [<init>,229] - Quartz Scheduler v.2.3.2 created.
23:07:20.920 [restartedMain] INFO  o.q.s.RAMJobStore - [initialize,155] - RAMJobStore initialized.
23:07:20.921 [restartedMain] INFO  o.q.c.QuartzScheduler - [initialize,294] - Scheduler meta-data: Quartz Scheduler (v2.3.2) 'quartzScheduler' with instanceId 'NON_CLUSTERED'
  Scheduler class: 'org.quartz.core.QuartzScheduler' - running locally.
  NOT STARTED.
  Currently in standby mode.
  Number of jobs executed: 0
  Using thread pool 'org.quartz.simpl.SimpleThreadPool' - with 10 threads.
  Using job-store 'org.quartz.simpl.RAMJobStore' - which does not support persistence. and is not clustered.

23:07:20.921 [restartedMain] INFO  o.q.i.StdSchedulerFactory - [instantiate,1374] - Quartz scheduler 'quartzScheduler' initialized from an externally provided properties instance.
23:07:20.921 [restartedMain] INFO  o.q.i.StdSchedulerFactory - [instantiate,1378] - Quartz scheduler version: 2.3.2
23:07:20.922 [restartedMain] INFO  o.q.c.QuartzScheduler - [setJobFactory,2293] - JobFactory set to: org.springframework.scheduling.quartz.SpringBeanJobFactory@45e38c2b
23:07:23.259 [restartedMain] INFO  o.a.c.h.Http11NioProtocol - [log,173] - Starting ProtocolHandler ["http-nio-8080"]
23:07:23.743 [restartedMain] INFO  o.q.c.QuartzScheduler - [start,547] - Scheduler quartzScheduler_$_NON_CLUSTERED started.
23:07:23.758 [restartedMain] INFO  c.r.RuoYiApplication - [logStarted,61] - Started RuoYiApplication in 13.349 seconds (JVM running for 16.25)
23:07:28.408 [http-nio-8080-exec-2] INFO  o.a.c.c.C.[.[.[/ruoyi-vue-service] - [log,173] - Initializing Spring DispatcherServlet 'dispatcherServlet'
23:07:28.409 [http-nio-8080-exec-2] INFO  o.s.w.s.DispatcherServlet - [initServletBean,525] - Initializing Servlet 'dispatcherServlet'
23:07:28.413 [http-nio-8080-exec-2] INFO  o.s.w.s.DispatcherServlet - [initServletBean,547] - Completed initialization in 4 ms
23:08:22.298 [SpringApplicationShutdownHook] INFO  o.q.c.QuartzScheduler - [standby,585] - Scheduler quartzScheduler_$_NON_CLUSTERED paused.
23:08:22.776 [SpringApplicationShutdownHook] INFO  o.q.c.QuartzScheduler - [shutdown,666] - Scheduler quartzScheduler_$_NON_CLUSTERED shutting down.
23:08:22.777 [SpringApplicationShutdownHook] INFO  o.q.c.QuartzScheduler - [standby,585] - Scheduler quartzScheduler_$_NON_CLUSTERED paused.
23:08:22.777 [SpringApplicationShutdownHook] INFO  o.q.c.QuartzScheduler - [shutdown,740] - Scheduler quartzScheduler_$_NON_CLUSTERED shutdown complete.
23:08:22.778 [SpringApplicationShutdownHook] INFO  sys-user - [shutdownAsyncManager,28] - ====关闭后台任务任务线程池====
23:08:22.784 [SpringApplicationShutdownHook] INFO  c.a.d.p.DruidDataSource - [close,2051] - {dataSource-1} closing ...
23:08:22.795 [SpringApplicationShutdownHook] INFO  c.a.d.p.DruidDataSource - [close,2124] - {dataSource-1} closed
